Graph Farm Logs
==============
[2026-03-10 15:27:13 UTC] farm commit executed
[2026-03-10 16:14:25 UTC] farm commit executed
[2026-03-10 17:10:56 UTC] farm commit executed
[2026-03-10 18:01:59 UTC] farm commit executed
[2026-03-10 19:21:55 UTC] farm1 commit executed
[2026-03-10 19:47:07 UTC] farm3 commit executed
[2026-03-10 19:48:46 UTC] farm7 commit executed
[2026-03-10 19:50:15 UTC] farm5 commit executed
[2026-03-10 19:51:32 UTC] farm6 commit executed
[2026-03-10 19:51:44 UTC] farm4 commit executed
[2026-03-10 19:53:00 UTC] farm2 commit executed
[2026-03-10 19:53:26 UTC] farm8 commit executed
[2026-03-10 19:53:36 UTC] farm9 commit executed
[2026-03-10 19:55:28 UTC] farm10 commit executed
[2026-03-10 20:03:38 UTC] farm3 commit executed
[2026-03-10 20:16:48 UTC] farm7 commit executed
[2026-03-10 20:18:39 UTC] farm1 commit executed
[2026-03-10 20:18:48 UTC] farm5 commit executed
[2026-03-10 20:19:41 UTC] farm9 commit executed
[2026-03-10 20:22:20 UTC] farm2 commit executed
[2026-03-10 20:27:22 UTC] farm6 commit executed
[2026-03-10 20:32:52 UTC] farm4 commit executed
[2026-03-10 20:43:23 UTC] farm10 commit executed
[2026-03-10 20:44:46 UTC] farm3 commit executed
[2026-03-10 20:50:42 UTC] farm7 commit executed
[2026-03-10 20:51:00 UTC] farm8 commit executed
[2026-03-10 20:52:03 UTC] farm1 commit executed
[2026-03-10 20:53:21 UTC] farm5 commit executed
[2026-03-10 20:54:36 UTC] farm2 commit executed
[2026-03-10 21:00:02 UTC] farm6 commit executed
[2026-03-10 21:02:05 UTC] farm4 commit executed
[2026-03-10 21:04:19 UTC] farm3 commit executed
[2026-03-10 21:17:11 UTC] farm10 commit executed
[2026-03-10 21:17:28 UTC] farm7 commit executed
[2026-03-10 21:18:07 UTC] farm9 commit executed
[2026-03-10 21:24:01 UTC] farm5 commit executed
[2026-03-10 21:24:41 UTC] farm2 commit executed
[2026-03-10 21:37:33 UTC] farm3 commit executed
[2026-03-10 21:38:45 UTC] farm4 commit executed
[2026-03-10 21:41:23 UTC] farm6 commit executed
[2026-03-10 21:43:19 UTC] farm8 commit executed
[2026-03-10 21:44:15 UTC] farm7 commit executed
[2026-03-10 21:44:22 UTC] farm9 commit executed
[2026-03-10 21:46:45 UTC] farm10 commit executed
[2026-03-10 21:49:34 UTC] farm2 commit executed
[2026-03-10 21:54:56 UTC] farm3 commit executed
[2026-03-10 21:56:38 UTC] farm8 commit executed
[2026-03-10 21:57:38 UTC] farm7 commit executed
[2026-03-10 21:58:40 UTC] farm4 commit executed
[2026-03-10 21:58:54 UTC] farm6 commit executed
[2026-03-10 22:01:31 UTC] farm2 commit executed
[2026-03-10 22:13:02 UTC] farm5 commit executed
[2026-03-10 22:14:01 UTC] farm10 commit executed
[2026-03-10 22:15:38 UTC] farm3 commit executed
[2026-03-10 22:19:59 UTC] farm8 commit executed
[2026-03-10 22:25:57 UTC] farm7 commit executed
[2026-03-10 22:27:10 UTC] farm9 commit executed
[2026-03-10 22:31:26 UTC] farm1 commit executed
[2026-03-10 22:39:23 UTC] farm2 commit executed
[2026-03-10 22:39:30 UTC] farm6 commit executed
[2026-03-10 22:40:56 UTC] farm4 commit executed
[2026-03-10 22:47:41 UTC] farm3 commit executed
[2026-03-10 22:47:48 UTC] farm5 commit executed
[2026-03-10 22:48:55 UTC] farm8 commit executed
[2026-03-10 22:49:06 UTC] farm10 commit executed
[2026-03-10 22:51:52 UTC] farm7 commit executed
[2026-03-10 22:53:05 UTC] farm9 commit executed
[2026-03-10 22:56:02 UTC] farm1 commit executed
[2026-03-10 22:59:44 UTC] farm2 commit executed
[2026-03-10 23:01:31 UTC] farm6 commit executed
[2026-03-10 23:02:42 UTC] farm3 commit executed
[2026-03-10 23:02:59 UTC] farm4 commit executed
[2026-03-10 23:03:17 UTC] farm8 commit executed
[2026-03-10 23:14:22 UTC] farm5 commit executed
[2026-03-10 23:14:32 UTC] farm7 commit executed
[2026-03-10 23:14:53 UTC] farm9 commit executed
[2026-03-10 23:19:56 UTC] farm10 commit executed
[2026-03-10 23:23:41 UTC] farm1 commit executed
[2026-03-10 23:35:45 UTC] farm2 commit executed
[2026-03-10 23:36:11 UTC] farm3 commit executed
[2026-03-10 23:36:20 UTC] farm8 commit executed
[2026-03-10 23:37:43 UTC] farm6 commit executed
[2026-03-10 23:39:00 UTC] farm4 commit executed
[2026-03-10 23:42:43 UTC] farm7 commit executed
[2026-03-10 23:42:51 UTC] farm9 commit executed
[2026-03-10 23:44:05 UTC] farm5 commit executed
[2026-03-10 23:47:14 UTC] farm1 commit executed
[2026-03-10 23:48:50 UTC] farm10 commit executed
[2026-03-10 23:53:50 UTC] farm8 commit executed
[2026-03-10 23:55:10 UTC] farm2 commit executed
[2026-03-10 23:56:51 UTC] farm6 commit executed
[2026-03-10 23:58:07 UTC] farm4 commit executed
[2026-03-10 23:58:51 UTC] farm5 commit executed
[2026-03-10 23:59:07 UTC] farm1 commit executed
[2026-03-11 00:00:59 UTC] farm8 commit executed
[2026-03-11 00:52:25 UTC] farm3 commit executed
[2026-03-11 01:09:50 UTC] farm10 commit executed
[2026-03-11 01:29:01 UTC] farm7 commit executed
[2026-03-11 01:42:48 UTC] farm2 commit executed
[2026-03-11 01:43:01 UTC] farm9 commit executed
[2026-03-11 02:23:36 UTC] farm8 commit executed
[2026-03-11 02:25:23 UTC] farm1 commit executed
[2026-03-11 02:43:38 UTC] farm5 commit executed
[2026-03-11 02:43:45 UTC] farm6 commit executed
[2026-03-11 02:46:03 UTC] farm4 commit executed
[2026-03-11 03:15:34 UTC] farm3 commit executed
[2026-03-11 03:34:40 UTC] farm10 commit executed
[2026-03-11 03:41:08 UTC] farm7 commit executed
[2026-03-11 03:54:50 UTC] farm9 commit executed
[2026-03-11 03:55:24 UTC] farm2 commit executed
[2026-03-11 04:19:50 UTC] farm8 commit executed
[2026-03-11 04:20:11 UTC] farm1 commit executed
[2026-03-11 04:24:01 UTC] farm5 commit executed
[2026-03-11 04:24:55 UTC] farm6 commit executed
[2026-03-11 04:25:31 UTC] farm4 commit executed
[2026-03-11 04:53:20 UTC] farm3 commit executed
[2026-03-11 05:02:51 UTC] farm10 commit executed
[2026-03-11 05:07:00 UTC] farm9 commit executed
[2026-03-11 05:09:53 UTC] farm2 commit executed
[2026-03-11 05:18:14 UTC] farm8 commit executed
[2026-03-11 05:29:06 UTC] farm1 commit executed
[2026-03-11 05:30:56 UTC] farm5 commit executed
[2026-03-11 05:33:45 UTC] farm6 commit executed
[2026-03-11 05:35:05 UTC] farm4 commit executed
[2026-03-11 05:39:25 UTC] farm3 commit executed
[2026-03-11 05:57:27 UTC] farm7 commit executed
[2026-03-11 06:00:19 UTC] farm9 commit executed
[2026-03-11 06:01:29 UTC] farm10 commit executed
[2026-03-11 06:02:48 UTC] farm2 commit executed
[2026-03-11 06:04:34 UTC] farm8 commit executed
[2026-03-11 06:08:20 UTC] farm1 commit executed
[2026-03-11 06:09:35 UTC] farm5 commit executed
[2026-03-11 06:30:13 UTC] farm3 commit executed
[2026-03-11 06:32:04 UTC] farm4 commit executed
[2026-03-11 06:49:29 UTC] farm7 commit executed
[2026-03-11 07:02:01 UTC] farm9 commit executed
[2026-03-11 07:07:05 UTC] farm8 commit executed
[2026-03-11 07:07:44 UTC] farm2 commit executed
[2026-03-11 07:09:10 UTC] farm10 commit executed
[2026-03-11 07:09:41 UTC] farm1 commit executed
[2026-03-11 07:11:29 UTC] farm5 commit executed
[2026-03-11 07:27:00 UTC] farm3 commit executed
[2026-03-11 07:29:04 UTC] farm6 commit executed
[2026-03-11 07:29:51 UTC] farm4 commit executed
[2026-03-11 07:33:51 UTC] farm7 commit executed
[2026-03-11 07:49:03 UTC] farm9 commit executed
[2026-03-11 07:51:00 UTC] farm8 commit executed
[2026-03-11 07:52:17 UTC] farm2 commit executed
[2026-03-11 07:52:52 UTC] farm1 commit executed
[2026-03-11 07:55:30 UTC] farm5 commit executed
[2026-03-11 07:55:42 UTC] farm10 commit executed
[2026-03-11 07:59:41 UTC] farm3 commit executed
[2026-03-11 08:03:27 UTC] farm6 commit executed
[2026-03-11 08:04:33 UTC] farm4 commit executed
[2026-03-11 08:23:49 UTC] farm9 commit executed
[2026-03-11 08:24:03 UTC] farm8 commit executed
[2026-03-11 08:25:41 UTC] farm1 commit executed
[2026-03-11 08:26:31 UTC] farm2 commit executed
[2026-03-11 08:40:32 UTC] farm5 commit executed
[2026-03-11 08:43:02 UTC] farm3 commit executed
[2026-03-11 08:55:34 UTC] farm10 commit executed
[2026-03-11 08:55:52 UTC] farm7 commit executed
[2026-03-11 08:58:06 UTC] farm6 commit executed
[2026-03-11 08:59:33 UTC] farm4 commit executed
[2026-03-11 09:03:39 UTC] farm8 commit executed
[2026-03-11 09:03:55 UTC] farm9 commit executed
[2026-03-11 09:05:44 UTC] farm1 commit executed
[2026-03-11 09:06:38 UTC] farm2 commit executed
[2026-03-11 09:26:31 UTC] farm3 commit executed
[2026-03-11 09:27:37 UTC] farm5 commit executed
[2026-03-11 09:35:20 UTC] farm7 commit executed
[2026-03-11 09:54:55 UTC] farm10 commit executed
[2026-03-11 09:55:16 UTC] farm8 commit executed
[2026-03-11 09:55:24 UTC] farm6 commit executed
[2026-03-11 09:56:31 UTC] farm9 commit executed
[2026-03-11 09:57:45 UTC] farm4 commit executed
[2026-03-11 09:58:04 UTC] farm1 commit executed
[2026-03-11 09:58:30 UTC] farm2 commit executed
[2026-03-11 10:05:07 UTC] farm3 commit executed
[2026-03-11 10:08:19 UTC] farm5 commit executed
[2026-03-11 10:09:58 UTC] farm7 commit executed
[2026-03-11 10:27:12 UTC] farm8 commit executed
[2026-03-11 10:33:56 UTC] farm9 commit executed
[2026-03-11 10:40:55 UTC] farm1 commit executed
[2026-03-11 10:47:55 UTC] farm2 commit executed
[2026-03-11 10:51:26 UTC] farm10 commit executed
[2026-03-11 10:54:52 UTC] farm4 commit executed
[2026-03-11 10:55:01 UTC] farm3 commit executed
[2026-03-11 10:58:45 UTC] farm7 commit executed
[2026-03-11 10:59:30 UTC] farm5 commit executed
[2026-03-11 11:05:21 UTC] farm8 commit executed
[2026-03-11 11:08:55 UTC] farm9 commit executed
[2026-03-11 11:19:47 UTC] farm1 commit executed
[2026-03-11 11:22:22 UTC] farm2 commit executed
[2026-03-11 11:22:34 UTC] farm6 commit executed
[2026-03-11 11:24:03 UTC] farm3 commit executed
[2026-03-11 11:31:21 UTC] farm10 commit executed
[2026-03-11 11:33:39 UTC] farm7 commit executed
[2026-03-11 11:39:39 UTC] farm4 commit executed
[2026-03-11 11:41:00 UTC] farm5 commit executed
[2026-03-11 11:42:44 UTC] farm8 commit executed
[2026-03-11 11:46:36 UTC] farm9 commit executed
[2026-03-11 11:50:13 UTC] farm1 commit executed
[2026-03-11 11:50:51 UTC] farm3 commit executed
[2026-03-11 11:51:41 UTC] farm2 commit executed
[2026-03-11 11:53:43 UTC] farm6 commit executed
[2026-03-11 11:57:51 UTC] farm7 commit executed
[2026-03-11 11:59:27 UTC] farm10 commit executed
[2026-03-11 12:00:51 UTC] farm8 commit executed
[2026-03-11 12:01:52 UTC] farm5 commit executed
[2026-03-11 12:03:10 UTC] farm4 commit executed
[2026-03-11 12:03:29 UTC] farm9 commit executed
[2026-03-11 12:27:23 UTC] farm3 commit executed
[2026-03-11 12:28:47 UTC] farm2 commit executed
[2026-03-11 12:56:17 UTC] farm7 commit executed
[2026-03-11 13:01:06 UTC] farm6 commit executed
[2026-03-11 13:08:19 UTC] farm8 commit executed
[2026-03-11 13:22:35 UTC] farm9 commit executed
[2026-03-11 13:23:14 UTC] farm5 commit executed
[2026-03-11 13:24:23 UTC] farm10 commit executed
[2026-03-11 13:36:47 UTC] farm4 commit executed
[2026-03-11 13:42:41 UTC] farm3 commit executed
[2026-03-11 13:43:50 UTC] farm1 commit executed
[2026-03-11 13:45:42 UTC] farm2 commit executed
[2026-03-11 14:01:38 UTC] farm7 commit executed
[2026-03-11 14:10:59 UTC] farm6 commit executed
[2026-03-11 14:11:09 UTC] farm8 commit executed
[2026-03-11 14:14:14 UTC] farm9 commit executed
[2026-03-11 14:25:29 UTC] farm5 commit executed
[2026-03-11 14:28:45 UTC] farm10 commit executed
[2026-03-11 14:31:10 UTC] farm3 commit executed
[2026-03-11 14:34:55 UTC] farm2 commit executed
[2026-03-11 14:36:09 UTC] farm4 commit executed
[2026-03-11 14:55:51 UTC] farm7 commit executed
[2026-03-11 15:02:59 UTC] farm8 commit executed
[2026-03-11 15:05:40 UTC] farm9 commit executed
[2026-03-11 15:07:07 UTC] farm6 commit executed
[2026-03-11 15:12:03 UTC] farm5 commit executed
[2026-03-11 15:24:22 UTC] farm3 commit executed
[2026-03-11 15:27:11 UTC] farm10 commit executed
[2026-03-11 15:28:00 UTC] farm1 commit executed
[2026-03-11 15:30:20 UTC] farm4 commit executed
[2026-03-11 15:40:44 UTC] farm7 commit executed
[2026-03-11 15:57:15 UTC] farm8 commit executed
[2026-03-11 15:59:26 UTC] farm9 commit executed
[2026-03-11 16:02:01 UTC] farm6 commit executed
[2026-03-11 16:03:58 UTC] farm5 commit executed
[2026-03-11 16:07:07 UTC] farm3 commit executed
[2026-03-11 16:11:22 UTC] farm1 commit executed
[2026-03-11 16:12:36 UTC] farm2 commit executed
[2026-03-11 16:29:38 UTC] farm10 commit executed
[2026-03-11 16:31:24 UTC] farm4 commit executed
[2026-03-11 16:32:30 UTC] farm7 commit executed
[2026-03-11 16:43:12 UTC] farm8 commit executed
[2026-03-11 16:54:46 UTC] farm9 commit executed
[2026-03-11 17:05:38 UTC] farm3 commit executed
[2026-03-11 17:06:12 UTC] farm5 commit executed
[2026-03-11 17:06:25 UTC] farm6 commit executed
[2026-03-11 17:10:08 UTC] farm1 commit executed
[2026-03-11 17:11:11 UTC] farm2 commit executed
[2026-03-11 17:29:00 UTC] farm7 commit executed
[2026-03-11 17:31:30 UTC] farm10 commit executed
[2026-03-11 17:31:58 UTC] farm4 commit executed
[2026-03-11 17:34:00 UTC] farm8 commit executed
[2026-03-11 17:41:19 UTC] farm9 commit executed
[2026-03-11 17:56:22 UTC] farm3 commit executed
[2026-03-11 17:59:39 UTC] farm5 commit executed
[2026-03-11 18:02:21 UTC] farm6 commit executed
[2026-03-11 18:03:52 UTC] farm2 commit executed
[2026-03-11 18:09:44 UTC] farm7 commit executed
[2026-03-11 18:29:25 UTC] farm8 commit executed
[2026-03-11 18:31:34 UTC] farm10 commit executed
[2026-03-11 18:33:19 UTC] farm9 commit executed
[2026-03-11 18:43:10 UTC] farm3 commit executed
[2026-03-11 19:05:00 UTC] farm5 commit executed
[2026-03-11 19:06:38 UTC] farm2 commit executed
[2026-03-11 19:07:46 UTC] farm6 commit executed
[2026-03-11 19:08:18 UTC] farm7 commit executed
[2026-03-11 19:24:22 UTC] farm8 commit executed
[2026-03-11 19:26:21 UTC] farm9 commit executed
[2026-03-11 19:28:47 UTC] farm4 commit executed
[2026-03-11 19:30:16 UTC] farm3 commit executed
[2026-03-11 19:47:41 UTC] farm1 commit executed
[2026-03-11 19:48:10 UTC] farm5 commit executed
[2026-03-11 19:48:42 UTC] farm7 commit executed
[2026-03-11 19:50:50 UTC] farm6 commit executed
[2026-03-11 19:54:42 UTC] farm8 commit executed
[2026-03-11 19:56:19 UTC] farm9 commit executed
[2026-03-11 19:58:02 UTC] farm3 commit executed
[2026-03-11 20:01:50 UTC] farm10 commit executed
[2026-03-11 20:17:54 UTC] farm1 commit executed
[2026-03-11 20:19:07 UTC] farm2 commit executed
[2026-03-11 20:20:05 UTC] farm8 commit executed
[2026-03-11 20:26:26 UTC] farm6 commit executed
[2026-03-11 20:28:10 UTC] farm9 commit executed
[2026-03-11 20:30:31 UTC] farm3 commit executed
[2026-03-11 20:47:57 UTC] farm10 commit executed
[2026-03-11 20:51:04 UTC] farm7 commit executed
[2026-03-11 20:51:55 UTC] farm1 commit executed
[2026-03-11 20:52:53 UTC] farm2 commit executed
[2026-03-11 20:53:21 UTC] farm5 commit executed
[2026-03-11 20:57:25 UTC] farm9 commit executed
[2026-03-11 20:58:07 UTC] farm3 commit executed
[2026-03-11 20:58:52 UTC] farm6 commit executed
[2026-03-11 21:18:06 UTC] farm8 commit executed
[2026-03-11 21:18:18 UTC] farm7 commit executed
[2026-03-11 21:18:30 UTC] farm1 commit executed
[2026-03-11 21:21:23 UTC] farm10 commit executed
[2026-03-11 21:22:28 UTC] farm2 commit executed
[2026-03-11 21:26:43 UTC] farm5 commit executed
[2026-03-11 21:29:30 UTC] farm3 commit executed
[2026-03-11 21:30:21 UTC] farm9 commit executed
[2026-03-11 21:43:33 UTC] farm6 commit executed
[2026-03-11 21:49:08 UTC] farm8 commit executed
[2026-03-11 21:49:17 UTC] farm7 commit executed
[2026-03-11 21:50:18 UTC] farm1 commit executed
[2026-03-11 21:52:12 UTC] farm2 commit executed
[2026-03-11 21:54:35 UTC] farm10 commit executed
[2026-03-11 21:55:25 UTC] farm3 commit executed
[2026-03-11 21:55:38 UTC] farm5 commit executed
[2026-03-11 21:56:06 UTC] farm9 commit executed
[2026-03-11 22:02:02 UTC] farm8 commit executed
[2026-03-11 22:02:15 UTC] farm7 commit executed
[2026-03-11 22:14:28 UTC] farm1 commit executed
[2026-03-11 22:16:20 UTC] farm2 commit executed
[2026-03-11 22:17:54 UTC] farm3 commit executed
[2026-03-11 22:21:19 UTC] farm9 commit executed
[2026-03-11 22:26:45 UTC] farm5 commit executed
[2026-03-11 22:33:26 UTC] farm10 commit executed
[2026-03-11 22:35:24 UTC] farm7 commit executed
[2026-03-11 22:38:37 UTC] farm6 commit executed
[2026-03-11 22:43:19 UTC] farm1 commit executed
[2026-03-11 22:44:01 UTC] farm3 commit executed
[2026-03-11 22:44:21 UTC] farm2 commit executed
[2026-03-11 22:48:31 UTC] farm9 commit executed
[2026-03-11 22:50:28 UTC] farm5 commit executed
[2026-03-11 22:52:40 UTC] farm8 commit executed
[2026-03-11 22:54:05 UTC] farm7 commit executed
[2026-03-11 22:56:16 UTC] farm10 commit executed
[2026-03-11 22:56:23 UTC] farm4 commit executed
[2026-03-11 22:57:59 UTC] farm3 commit executed
[2026-03-11 22:58:15 UTC] farm6 commit executed
[2026-03-11 22:58:43 UTC] farm1 commit executed
[2026-03-11 22:59:49 UTC] farm2 commit executed
[2026-03-11 23:00:36 UTC] farm9 commit executed
[2026-03-11 23:12:43 UTC] farm8 commit executed
[2026-03-11 23:13:09 UTC] farm5 commit executed
[2026-03-11 23:14:16 UTC] farm7 commit executed
[2026-03-11 23:22:00 UTC] farm3 commit executed
[2026-03-11 23:29:53 UTC] farm1 commit executed
[2026-03-11 23:32:39 UTC] farm9 commit executed
[2026-03-11 23:35:07 UTC] farm2 commit executed
[2026-03-11 23:35:20 UTC] farm10 commit executed
[2026-03-11 23:35:32 UTC] farm4 commit executed
[2026-03-11 23:35:45 UTC] farm6 commit executed
[2026-03-11 23:39:22 UTC] farm8 commit executed
[2026-03-11 23:42:09 UTC] farm7 commit executed
[2026-03-11 23:43:22 UTC] farm5 commit executed
[2026-03-11 23:44:44 UTC] farm3 commit executed
[2026-03-11 23:51:04 UTC] farm1 commit executed
[2026-03-11 23:52:30 UTC] farm9 commit executed
[2026-03-11 23:54:57 UTC] farm2 commit executed
[2026-03-11 23:55:49 UTC] farm8 commit executed
[2026-03-11 23:57:24 UTC] farm6 commit executed
[2026-03-11 23:57:34 UTC] farm10 commit executed
[2026-03-11 23:57:51 UTC] farm4 commit executed
[2026-03-11 23:58:46 UTC] farm3 commit executed
[2026-03-12 00:00:04 UTC] farm5 commit executed
[2026-03-12 00:46:45 UTC] farm1 commit executed
[2026-03-12 00:47:57 UTC] farm9 commit executed
[2026-03-12 01:01:45 UTC] farm8 commit executed
[2026-03-12 01:28:32 UTC] farm2 commit executed
[2026-03-12 01:58:28 UTC] farm7 commit executed
[2026-03-12 01:59:41 UTC] farm3 commit executed
[2026-03-12 02:49:59 UTC] farm6 commit executed
[2026-03-12 02:50:12 UTC] farm5 commit executed
[2026-03-12 02:51:02 UTC] farm10 commit executed
[2026-03-12 02:51:20 UTC] farm4 commit executed
[2026-03-12 03:23:02 UTC] farm1 commit executed
[2026-03-12 03:23:09 UTC] farm9 commit executed
[2026-03-12 03:34:03 UTC] farm8 commit executed
[2026-03-12 03:57:08 UTC] farm2 commit executed
[2026-03-12 04:14:43 UTC] farm3 commit executed
[2026-03-12 04:28:22 UTC] farm5 commit executed
[2026-03-12 04:30:02 UTC] farm6 commit executed
[2026-03-12 04:45:02 UTC] farm10 commit executed
[2026-03-12 04:45:24 UTC] farm4 commit executed
[2026-03-12 04:59:47 UTC] farm9 commit executed
[2026-03-12 04:59:57 UTC] farm1 commit executed
[2026-03-12 05:05:07 UTC] farm8 commit executed
[2026-03-12 05:15:48 UTC] farm2 commit executed
[2026-03-12 05:20:53 UTC] farm7 commit executed
[2026-03-12 05:21:01 UTC] farm3 commit executed
[2026-03-12 05:36:37 UTC] farm5 commit executed
[2026-03-12 05:38:05 UTC] farm6 commit executed
[2026-03-12 05:41:53 UTC] farm10 commit executed
[2026-03-12 05:54:17 UTC] farm9 commit executed
[2026-03-12 05:56:39 UTC] farm1 commit executed
[2026-03-12 06:00:18 UTC] farm8 commit executed
[2026-03-12 06:07:18 UTC] farm2 commit executed
[2026-03-12 06:07:41 UTC] farm3 commit executed
[2026-03-12 06:07:52 UTC] farm7 commit executed
[2026-03-12 06:32:18 UTC] farm5 commit executed
[2026-03-12 06:34:31 UTC] farm6 commit executed
[2026-03-12 06:36:14 UTC] farm10 commit executed
[2026-03-12 06:39:30 UTC] farm9 commit executed
[2026-03-12 06:51:58 UTC] farm1 commit executed
[2026-03-12 06:58:38 UTC] farm8 commit executed
[2026-03-12 07:10:30 UTC] farm3 commit executed
[2026-03-12 07:10:42 UTC] farm7 commit executed
[2026-03-12 07:11:00 UTC] farm2 commit executed
[2026-03-12 07:30:56 UTC] farm5 commit executed
[2026-03-12 07:32:53 UTC] farm6 commit executed
[2026-03-12 07:33:34 UTC] farm9 commit executed
[2026-03-12 07:35:07 UTC] farm10 commit executed
[2026-03-12 07:37:05 UTC] farm1 commit executed
[2026-03-12 07:43:47 UTC] farm8 commit executed
[2026-03-12 07:53:20 UTC] farm3 commit executed
[2026-03-12 07:53:32 UTC] farm7 commit executed
[2026-03-12 07:54:49 UTC] farm2 commit executed
[2026-03-12 08:03:43 UTC] farm9 commit executed
[2026-03-12 08:03:55 UTC] farm5 commit executed
[2026-03-12 08:05:33 UTC] farm6 commit executed
[2026-03-12 08:23:58 UTC] farm4 commit executed
[2026-03-12 08:24:13 UTC] farm8 commit executed
[2026-03-12 08:26:43 UTC] farm3 commit executed
[2026-03-12 08:26:54 UTC] farm7 commit executed
[2026-03-12 08:36:29 UTC] farm2 commit executed
[2026-03-12 08:56:31 UTC] farm9 commit executed
[2026-03-12 08:58:27 UTC] farm1 commit executed
[2026-03-12 08:58:34 UTC] farm5 commit executed
[2026-03-12 09:00:36 UTC] farm6 commit executed
[2026-03-12 09:04:55 UTC] farm8 commit executed
[2026-03-12 09:06:31 UTC] farm3 commit executed
[2026-03-12 09:07:20 UTC] farm7 commit executed
[2026-03-12 09:10:07 UTC] farm4 commit executed
[2026-03-12 09:25:34 UTC] farm2 commit executed
[2026-03-12 09:37:28 UTC] farm9 commit executed
[2026-03-12 09:46:57 UTC] farm1 commit executed
[2026-03-12 09:54:11 UTC] farm5 commit executed
[2026-03-12 09:56:21 UTC] farm8 commit executed
[2026-03-12 09:57:41 UTC] farm6 commit executed
[2026-03-12 09:57:49 UTC] farm3 commit executed
[2026-03-12 09:58:04 UTC] farm7 commit executed
[2026-03-12 10:02:12 UTC] farm10 commit executed
[2026-03-12 10:05:58 UTC] farm2 commit executed
[2026-03-12 10:22:40 UTC] farm9 commit executed
[2026-03-12 10:25:04 UTC] farm1 commit executed
[2026-03-12 10:30:11 UTC] farm8 commit executed
[2026-03-12 10:34:30 UTC] farm3 commit executed
[2026-03-12 10:34:37 UTC] farm5 commit executed
[2026-03-12 10:37:14 UTC] farm7 commit executed
[2026-03-12 10:52:59 UTC] farm6 commit executed
[2026-03-12 10:57:19 UTC] farm2 commit executed
[2026-03-12 10:57:29 UTC] farm4 commit executed
[2026-03-12 10:57:40 UTC] farm10 commit executed
[2026-03-12 11:03:15 UTC] farm9 commit executed
[2026-03-12 11:04:48 UTC] farm1 commit executed
[2026-03-12 11:06:29 UTC] farm8 commit executed
[2026-03-12 11:08:21 UTC] farm3 commit executed
[2026-03-12 11:09:18 UTC] farm7 commit executed
[2026-03-12 11:09:35 UTC] farm5 commit executed
[2026-03-12 11:30:27 UTC] farm6 commit executed
[2026-03-12 11:32:49 UTC] farm2 commit executed
[2026-03-12 11:38:12 UTC] farm9 commit executed
[2026-03-12 11:38:33 UTC] farm4 commit executed
[2026-03-12 11:40:18 UTC] farm3 commit executed
[2026-03-12 11:41:45 UTC] farm7 commit executed
[2026-03-12 11:42:10 UTC] farm8 commit executed
[2026-03-12 11:42:30 UTC] farm1 commit executed
[2026-03-12 11:43:55 UTC] farm5 commit executed
[2026-03-12 11:53:38 UTC] farm2 commit executed
[2026-03-12 11:53:48 UTC] farm6 commit executed
[2026-03-12 11:55:12 UTC] farm9 commit executed
[2026-03-12 11:56:19 UTC] farm3 commit executed
[2026-03-12 11:57:41 UTC] farm8 commit executed
[2026-03-12 11:58:33 UTC] farm7 commit executed
[2026-03-12 11:58:57 UTC] farm1 commit executed
[2026-03-12 11:59:55 UTC] farm10 commit executed
[2026-03-12 12:00:58 UTC] farm5 commit executed
[2026-03-12 12:37:56 UTC] farm9 commit executed
[2026-03-12 12:38:29 UTC] farm2 commit executed
[2026-03-12 12:38:57 UTC] farm3 commit executed
[2026-03-12 12:45:58 UTC] farm8 commit executed
[2026-03-12 12:59:57 UTC] farm7 commit executed
[2026-03-12 13:01:23 UTC] farm6 commit executed
[2026-03-12 13:09:26 UTC] farm1 commit executed
[2026-03-12 13:22:40 UTC] farm5 commit executed
[2026-03-12 13:24:22 UTC] farm10 commit executed
[2026-03-12 13:46:38 UTC] farm3 commit executed
[2026-03-12 13:47:47 UTC] farm2 commit executed
[2026-03-12 13:49:25 UTC] farm8 commit executed
[2026-03-12 14:04:53 UTC] farm7 commit executed
[2026-03-12 14:08:32 UTC] farm6 commit executed
[2026-03-12 14:09:17 UTC] farm1 commit executed
[2026-03-12 14:12:55 UTC] farm5 commit executed
[2026-03-12 14:27:56 UTC] farm10 commit executed
[2026-03-12 14:34:47 UTC] farm3 commit executed
[2026-03-12 14:35:10 UTC] farm9 commit executed
[2026-03-12 14:36:27 UTC] farm8 commit executed
[2026-03-12 14:36:41 UTC] farm2 commit executed
[2026-03-12 15:02:05 UTC] farm7 commit executed
[2026-03-12 15:06:49 UTC] farm1 commit executed
[2026-03-12 15:09:13 UTC] farm6 commit executed
[2026-03-12 15:10:33 UTC] farm5 commit executed
[2026-03-12 15:34:18 UTC] farm3 commit executed
[2026-03-12 15:34:32 UTC] farm4 commit executed
[2026-03-12 15:35:48 UTC] farm8 commit executed
[2026-03-12 15:38:04 UTC] farm2 commit executed
[2026-03-12 16:07:11 UTC] farm7 commit executed
[2026-03-12 16:11:15 UTC] farm1 commit executed
[2026-03-12 16:15:06 UTC] farm5 commit executed
[2026-03-12 16:15:53 UTC] farm6 commit executed
[2026-03-12 16:36:28 UTC] farm3 commit executed
[2026-03-12 16:37:16 UTC] farm8 commit executed
[2026-03-12 16:37:55 UTC] farm9 commit executed
[2026-03-12 16:40:16 UTC] farm2 commit executed
[2026-03-12 16:40:41 UTC] farm4 commit executed
[2026-03-12 17:08:38 UTC] farm7 commit executed
[2026-03-12 17:10:10 UTC] farm1 commit executed
[2026-03-12 17:13:11 UTC] farm5 commit executed
[2026-03-12 17:14:08 UTC] farm6 commit executed
[2026-03-12 17:28:58 UTC] farm3 commit executed
[2026-03-12 17:29:10 UTC] farm8 commit executed
[2026-03-12 17:30:06 UTC] farm9 commit executed
[2026-03-12 17:32:52 UTC] farm2 commit executed
[2026-03-12 17:36:25 UTC] farm10 commit executed
[2026-03-12 17:59:39 UTC] farm7 commit executed
[2026-03-12 18:00:46 UTC] farm1 commit executed
[2026-03-12 18:03:53 UTC] farm5 commit executed
[2026-03-12 18:05:12 UTC] farm6 commit executed
[2026-03-12 18:08:22 UTC] farm8 commit executed
[2026-03-12 18:09:40 UTC] farm9 commit executed
[2026-03-12 18:28:35 UTC] farm2 commit executed
[2026-03-12 18:32:01 UTC] farm10 commit executed
[2026-03-12 18:58:12 UTC] farm7 commit executed
[2026-03-12 19:05:00 UTC] farm1 commit executed
[2026-03-12 19:08:00 UTC] farm5 commit executed
[2026-03-12 19:08:10 UTC] farm8 commit executed
[2026-03-12 19:08:23 UTC] farm3 commit executed
[2026-03-12 19:09:39 UTC] farm9 commit executed
[2026-03-12 19:25:08 UTC] farm2 commit executed
[2026-03-12 19:28:05 UTC] farm4 commit executed
[2026-03-12 19:41:45 UTC] farm7 commit executed
[2026-03-12 19:48:43 UTC] farm1 commit executed
[2026-03-12 19:49:17 UTC] farm8 commit executed
[2026-03-12 19:49:41 UTC] farm3 commit executed
[2026-03-12 19:50:51 UTC] farm9 commit executed
[2026-03-12 19:51:08 UTC] farm5 commit executed
[2026-03-12 19:53:35 UTC] farm6 commit executed
[2026-03-12 19:57:19 UTC] farm2 commit executed
[2026-03-12 20:01:41 UTC] farm4 commit executed
[2026-03-12 20:03:08 UTC] farm7 commit executed
[2026-03-12 20:17:40 UTC] farm8 commit executed
[2026-03-12 20:17:51 UTC] farm3 commit executed
[2026-03-12 20:18:10 UTC] farm1 commit executed
[2026-03-12 20:19:04 UTC] farm9 commit executed
[2026-03-12 20:20:52 UTC] farm5 commit executed
[2026-03-12 20:35:20 UTC] farm6 commit executed
[2026-03-12 20:37:43 UTC] farm2 commit executed
[2026-03-12 20:48:10 UTC] farm7 commit executed
[2026-03-12 20:50:16 UTC] farm10 commit executed
[2026-03-12 20:54:04 UTC] farm8 commit executed
[2026-03-12 20:54:15 UTC] farm3 commit executed
[2026-03-12 20:55:12 UTC] farm1 commit executed
[2026-03-12 20:56:58 UTC] farm5 commit executed
[2026-03-12 21:03:56 UTC] farm2 commit executed
[2026-03-12 21:18:28 UTC] farm7 commit executed
[2026-03-12 21:20:15 UTC] farm8 commit executed
[2026-03-12 21:20:23 UTC] farm3 commit executed
[2026-03-12 21:24:29 UTC] farm9 commit executed
[2026-03-12 21:26:28 UTC] farm1 commit executed
[2026-03-12 21:27:33 UTC] farm10 commit executed
[2026-03-12 21:27:40 UTC] farm4 commit executed
[2026-03-12 21:37:09 UTC] farm5 commit executed
[2026-03-12 21:44:50 UTC] farm2 commit executed
[2026-03-12 21:46:15 UTC] farm6 commit executed
[2026-03-12 21:50:06 UTC] farm7 commit executed
[2026-03-12 21:50:14 UTC] farm8 commit executed
[2026-03-12 21:50:32 UTC] farm3 commit executed
[2026-03-12 21:53:06 UTC] farm9 commit executed
[2026-03-12 21:54:34 UTC] farm1 commit executed
[2026-03-12 21:57:30 UTC] farm10 commit executed
[2026-03-12 21:58:54 UTC] farm5 commit executed
[2026-03-12 22:01:21 UTC] farm2 commit executed
[2026-03-12 22:02:20 UTC] farm8 commit executed
[2026-03-12 22:02:29 UTC] farm3 commit executed
[2026-03-12 22:11:57 UTC] farm6 commit executed
[2026-03-12 22:12:52 UTC] farm9 commit executed
[2026-03-12 22:17:23 UTC] farm1 commit executed
[2026-03-12 22:33:59 UTC] farm8 commit executed
[2026-03-12 22:35:19 UTC] farm3 commit executed
[2026-03-12 22:36:27 UTC] farm7 commit executed
[2026-03-12 22:36:42 UTC] farm2 commit executed
[2026-03-12 22:37:41 UTC] farm10 commit executed
[2026-03-12 22:37:47 UTC] farm4 commit executed
[2026-03-12 22:45:26 UTC] farm9 commit executed
[2026-03-12 22:46:42 UTC] farm6 commit executed
[2026-03-12 22:47:22 UTC] farm1 commit executed
[2026-03-12 22:55:46 UTC] farm8 commit executed
[2026-03-12 22:56:18 UTC] farm3 commit executed
[2026-03-12 22:57:30 UTC] farm7 commit executed
[2026-03-12 22:58:12 UTC] farm5 commit executed
[2026-03-12 22:58:41 UTC] farm2 commit executed
[2026-03-12 23:00:45 UTC] farm10 commit executed
[2026-03-12 23:01:36 UTC] farm9 commit executed
[2026-03-12 23:02:47 UTC] farm1 commit executed
[2026-03-12 23:14:46 UTC] farm6 commit executed
[2026-03-12 23:17:51 UTC] farm8 commit executed
[2026-03-12 23:20:16 UTC] farm3 commit executed
[2026-03-12 23:24:44 UTC] farm7 commit executed
[2026-03-12 23:33:51 UTC] farm2 commit executed
[2026-03-12 23:35:06 UTC] farm5 commit executed
[2026-03-12 23:36:27 UTC] farm9 commit executed
[2026-03-12 23:37:43 UTC] farm1 commit executed
[2026-03-12 23:38:58 UTC] farm4 commit executed
[2026-03-12 23:44:13 UTC] farm8 commit executed
[2026-03-12 23:45:24 UTC] farm6 commit executed
[2026-03-12 23:46:54 UTC] farm7 commit executed
[2026-03-12 23:54:28 UTC] farm2 commit executed
[2026-03-12 23:54:45 UTC] farm9 commit executed
[2026-03-12 23:55:48 UTC] farm5 commit executed
[2026-03-12 23:55:57 UTC] farm1 commit executed
[2026-03-12 23:58:24 UTC] farm8 commit executed
[2026-03-12 23:58:49 UTC] farm3 commit executed
[2026-03-12 23:59:34 UTC] farm4 commit executed
[2026-03-13 00:00:20 UTC] farm7 commit executed
[2026-03-13 00:01:38 UTC] farm6 commit executed
[2026-03-13 01:09:13 UTC] farm9 commit executed
[2026-03-13 01:26:42 UTC] farm2 commit executed
[2026-03-13 01:44:51 UTC] farm1 commit executed
[2026-03-13 01:49:41 UTC] farm8 commit executed
[2026-03-13 01:58:13 UTC] farm3 commit executed
[2026-03-13 02:05:19 UTC] farm5 commit executed
[2026-03-13 02:31:55 UTC] farm7 commit executed
[2026-03-13 02:49:43 UTC] farm4 commit executed
[2026-03-13 02:50:01 UTC] farm6 commit executed
[2026-03-13 03:36:01 UTC] farm9 commit executed
[2026-03-13 03:52:44 UTC] farm2 commit executed
[2026-03-13 03:57:57 UTC] farm1 commit executed
[2026-03-13 03:58:31 UTC] farm8 commit executed
[2026-03-13 04:10:22 UTC] farm3 commit executed
[2026-03-13 04:19:58 UTC] farm5 commit executed
[2026-03-13 04:24:55 UTC] farm7 commit executed
[2026-03-13 04:28:17 UTC] farm6 commit executed
[2026-03-13 04:29:36 UTC] farm4 commit executed
[2026-03-13 05:03:02 UTC] farm9 commit executed
[2026-03-13 05:08:08 UTC] farm2 commit executed
[2026-03-13 05:11:41 UTC] farm8 commit executed
[2026-03-13 05:13:25 UTC] farm1 commit executed
[2026-03-13 05:17:46 UTC] farm3 commit executed
[2026-03-13 05:30:07 UTC] farm5 commit executed
[2026-03-13 05:30:27 UTC] farm7 commit executed
[2026-03-13 05:34:54 UTC] farm6 commit executed
[2026-03-13 05:36:04 UTC] farm10 commit executed
[2026-03-13 05:58:10 UTC] farm9 commit executed
[2026-03-13 06:02:18 UTC] farm2 commit executed
[2026-03-13 06:02:30 UTC] farm8 commit executed
[2026-03-13 06:04:41 UTC] farm1 commit executed
[2026-03-13 06:05:14 UTC] farm3 commit executed
[2026-03-13 06:09:13 UTC] farm7 commit executed
[2026-03-13 06:10:04 UTC] farm5 commit executed
[2026-03-13 06:31:19 UTC] farm6 commit executed
[2026-03-13 06:32:41 UTC] farm4 commit executed
[2026-03-13 06:53:06 UTC] farm9 commit executed
[2026-03-13 07:05:34 UTC] farm8 commit executed
[2026-03-13 07:08:10 UTC] farm2 commit executed
[2026-03-13 07:08:55 UTC] farm1 commit executed
[2026-03-13 07:10:16 UTC] farm7 commit executed
[2026-03-13 07:12:19 UTC] farm5 commit executed
[2026-03-13 07:30:03 UTC] farm6 commit executed
[2026-03-13 07:31:10 UTC] farm10 commit executed
[2026-03-13 07:35:18 UTC] farm9 commit executed
[2026-03-13 07:50:51 UTC] farm8 commit executed
[2026-03-13 07:52:13 UTC] farm3 commit executed
[2026-03-13 07:53:38 UTC] farm1 commit executed
[2026-03-13 07:56:27 UTC] farm5 commit executed
[2026-03-13 08:04:25 UTC] farm6 commit executed
[2026-03-13 08:05:39 UTC] farm4 commit executed
[2026-03-13 08:23:23 UTC] farm8 commit executed
[2026-03-13 08:24:30 UTC] farm3 commit executed
[2026-03-13 08:24:36 UTC] farm7 commit executed
[2026-03-13 08:27:38 UTC] farm1 commit executed
[2026-03-13 08:30:24 UTC] farm2 commit executed
[2026-03-13 08:42:45 UTC] farm5 commit executed
[2026-03-13 08:54:37 UTC] farm9 commit executed
[2026-03-13 08:57:07 UTC] farm6 commit executed
[2026-03-13 08:58:32 UTC] farm10 commit executed
[2026-03-13 09:01:22 UTC] farm8 commit executed
[2026-03-13 09:02:20 UTC] farm3 commit executed
[2026-03-13 09:02:40 UTC] farm7 commit executed
[2026-03-13 09:05:21 UTC] farm1 commit executed
[2026-03-13 09:08:09 UTC] farm2 commit executed
[2026-03-13 09:24:22 UTC] farm5 commit executed
[2026-03-13 09:30:03 UTC] farm9 commit executed
[2026-03-13 09:46:02 UTC] farm8 commit executed
[2026-03-13 09:50:52 UTC] farm3 commit executed
[2026-03-13 09:51:55 UTC] farm6 commit executed
[2026-03-13 09:52:06 UTC] farm7 commit executed
[2026-03-13 09:53:25 UTC] farm4 commit executed
[2026-03-13 09:53:37 UTC] farm1 commit executed
[2026-03-13 09:54:54 UTC] farm2 commit executed
[2026-03-13 10:01:58 UTC] farm5 commit executed
[2026-03-13 10:03:44 UTC] farm9 commit executed
[2026-03-13 10:19:39 UTC] farm8 commit executed
[2026-03-13 10:21:04 UTC] farm3 commit executed
[2026-03-13 10:21:50 UTC] farm7 commit executed
[2026-03-13 10:24:40 UTC] farm1 commit executed
[2026-03-13 10:31:07 UTC] farm2 commit executed
[2026-03-13 10:31:37 UTC] farm6 commit executed
[2026-03-13 10:41:05 UTC] farm10 commit executed
[2026-03-13 10:51:04 UTC] farm9 commit executed
[2026-03-13 10:52:05 UTC] farm5 commit executed
[2026-03-13 10:58:31 UTC] farm8 commit executed
[2026-03-13 10:58:55 UTC] farm3 commit executed
[2026-03-13 10:59:55 UTC] farm7 commit executed
[2026-03-13 11:02:11 UTC] farm1 commit executed
[2026-03-13 11:06:20 UTC] farm2 commit executed
[2026-03-13 11:07:20 UTC] farm6 commit executed
[2026-03-13 11:19:19 UTC] farm10 commit executed
[2026-03-13 11:20:30 UTC] farm9 commit executed
[2026-03-13 11:23:43 UTC] farm5 commit executed
[2026-03-13 11:28:52 UTC] farm8 commit executed
[2026-03-13 11:30:42 UTC] farm3 commit executed
[2026-03-13 11:34:50 UTC] farm7 commit executed
[2026-03-13 11:38:57 UTC] farm1 commit executed
[2026-03-13 11:43:04 UTC] farm2 commit executed
[2026-03-13 11:45:45 UTC] farm6 commit executed
[2026-03-13 11:48:19 UTC] farm9 commit executed
[2026-03-13 11:51:07 UTC] farm10 commit executed
[2026-03-13 11:51:30 UTC] farm5 commit executed
[2026-03-13 11:52:27 UTC] farm8 commit executed
[2026-03-13 11:53:57 UTC] farm3 commit executed
[2026-03-13 11:56:50 UTC] farm7 commit executed
[2026-03-13 11:58:41 UTC] farm1 commit executed
[2026-03-13 12:01:27 UTC] farm2 commit executed
[2026-03-13 12:02:55 UTC] farm9 commit executed
[2026-03-13 12:25:33 UTC] farm6 commit executed
[2026-03-13 12:26:27 UTC] farm8 commit executed
[2026-03-13 12:26:53 UTC] farm3 commit executed
[2026-03-13 12:31:29 UTC] farm5 commit executed
[2026-03-13 12:46:50 UTC] farm7 commit executed
[2026-03-13 12:53:07 UTC] farm10 commit executed
[2026-03-13 13:05:36 UTC] farm1 commit executed
[2026-03-13 13:19:55 UTC] farm9 commit executed
[2026-03-13 13:20:05 UTC] farm2 commit executed
[2026-03-13 13:37:06 UTC] farm8 commit executed
[2026-03-13 13:37:31 UTC] farm3 commit executed
[2026-03-13 13:40:45 UTC] farm6 commit executed
[2026-03-13 13:42:27 UTC] farm5 commit executed
[2026-03-13 13:47:46 UTC] farm7 commit executed
[2026-03-13 14:01:20 UTC] farm10 commit executed
[2026-03-13 14:04:43 UTC] farm1 commit executed
[2026-03-13 14:07:50 UTC] farm9 commit executed
[2026-03-13 14:08:13 UTC] farm2 commit executed
[2026-03-13 14:24:55 UTC] farm8 commit executed
[2026-03-13 14:25:16 UTC] farm3 commit executed
[2026-03-13 14:29:17 UTC] farm5 commit executed
[2026-03-13 14:29:29 UTC] farm6 commit executed
[2026-03-13 14:31:03 UTC] farm7 commit executed
[2026-03-13 14:56:36 UTC] farm1 commit executed
[2026-03-13 14:58:03 UTC] farm10 commit executed
[2026-03-13 14:58:28 UTC] farm9 commit executed
[2026-03-13 14:59:38 UTC] farm2 commit executed
[2026-03-13 15:06:17 UTC] farm8 commit executed
[2026-03-13 15:06:32 UTC] farm3 commit executed
[2026-03-13 15:10:54 UTC] farm7 commit executed
[2026-03-13 15:11:42 UTC] farm5 commit executed
[2026-03-13 15:24:20 UTC] farm6 commit executed
[2026-03-13 15:39:49 UTC] farm1 commit executed
[2026-03-13 15:42:19 UTC] farm9 commit executed
[2026-03-13 15:52:19 UTC] farm2 commit executed
[2026-03-13 15:54:08 UTC] farm10 commit executed
[2026-03-13 15:54:34 UTC] farm8 commit executed
[2026-03-13 15:54:52 UTC] farm3 commit executed
[2026-03-13 15:56:43 UTC] farm7 commit executed
[2026-03-13 15:58:10 UTC] farm5 commit executed
[2026-03-13 16:02:47 UTC] farm6 commit executed
[2026-03-13 16:06:55 UTC] farm1 commit executed
[2026-03-13 16:20:06 UTC] farm9 commit executed
[2026-03-13 16:22:59 UTC] farm8 commit executed
[2026-03-13 16:24:40 UTC] farm3 commit executed
[2026-03-13 16:24:50 UTC] farm2 commit executed
[2026-03-13 16:34:07 UTC] farm7 commit executed
[2026-03-13 16:49:07 UTC] farm4 commit executed
[2026-03-13 16:50:32 UTC] farm5 commit executed
[2026-03-13 16:55:50 UTC] farm1 commit executed
[2026-03-13 17:01:27 UTC] farm9 commit executed
[2026-03-13 17:02:01 UTC] farm8 commit executed
[2026-03-13 17:03:18 UTC] farm3 commit executed
[2026-03-13 17:04:49 UTC] farm2 commit executed
[2026-03-13 17:09:13 UTC] farm7 commit executed
[2026-03-13 17:24:51 UTC] farm5 commit executed
[2026-03-13 17:28:06 UTC] farm4 commit executed
[2026-03-13 17:28:23 UTC] farm10 commit executed
[2026-03-13 17:30:34 UTC] farm1 commit executed
[2026-03-13 17:40:29 UTC] farm6 commit executed
[2026-03-13 17:40:41 UTC] farm8 commit executed
[2026-03-13 17:42:23 UTC] farm9 commit executed
[2026-03-13 17:44:50 UTC] farm3 commit executed
[2026-03-13 17:49:36 UTC] farm2 commit executed
[2026-03-13 17:50:55 UTC] farm7 commit executed
[2026-03-13 17:58:56 UTC] farm5 commit executed
[2026-03-13 18:02:07 UTC] farm1 commit executed
[2026-03-13 18:02:35 UTC] farm10 commit executed
[2026-03-13 18:03:38 UTC] farm8 commit executed
[2026-03-13 18:04:51 UTC] farm9 commit executed
[2026-03-13 18:05:41 UTC] farm3 commit executed
[2026-03-13 18:21:31 UTC] farm6 commit executed
[2026-03-13 18:23:20 UTC] farm7 commit executed
[2026-03-13 18:55:47 UTC] farm5 commit executed
[2026-03-13 18:56:27 UTC] farm8 commit executed
[2026-03-13 18:56:50 UTC] farm1 commit executed
[2026-03-13 18:57:50 UTC] farm9 commit executed
[2026-03-13 18:59:15 UTC] farm10 commit executed
[2026-03-13 19:04:22 UTC] farm7 commit executed
[2026-03-13 19:05:31 UTC] farm2 commit executed
[2026-03-13 19:06:37 UTC] farm6 commit executed
[2026-03-13 19:25:46 UTC] farm8 commit executed
[2026-03-13 19:28:41 UTC] farm3 commit executed
[2026-03-13 19:30:06 UTC] farm1 commit executed
[2026-03-13 19:30:20 UTC] farm9 commit executed
[2026-03-13 19:31:25 UTC] farm5 commit executed
[2026-03-13 19:39:40 UTC] farm7 commit executed
[2026-03-13 19:41:10 UTC] farm4 commit executed
[2026-03-13 19:42:47 UTC] farm2 commit executed
[2026-03-13 19:45:50 UTC] farm6 commit executed
[2026-03-13 19:51:41 UTC] farm8 commit executed
[2026-03-13 19:54:32 UTC] farm3 commit executed
[2026-03-13 19:56:03 UTC] farm9 commit executed
[2026-03-13 19:56:16 UTC] farm1 commit executed
[2026-03-13 19:57:42 UTC] farm5 commit executed
[2026-03-13 20:00:01 UTC] farm7 commit executed
[2026-03-13 20:01:47 UTC] farm2 commit executed
[2026-03-13 20:03:00 UTC] farm4 commit executed
[2026-03-13 20:17:21 UTC] farm8 commit executed
[2026-03-13 20:17:41 UTC] farm6 commit executed
[2026-03-13 20:19:19 UTC] farm3 commit executed
[2026-03-13 20:27:26 UTC] farm9 commit executed
[2026-03-13 20:30:26 UTC] farm1 commit executed
[2026-03-13 20:39:54 UTC] farm7 commit executed
[2026-03-13 20:41:36 UTC] farm5 commit executed
[2026-03-13 20:49:09 UTC] farm2 commit executed
[2026-03-13 20:51:30 UTC] farm10 commit executed
[2026-03-13 20:54:10 UTC] farm8 commit executed
[2026-03-13 20:55:32 UTC] farm3 commit executed
[2026-03-13 20:56:17 UTC] farm6 commit executed
[2026-03-13 20:59:54 UTC] farm9 commit executed
[2026-03-13 21:01:52 UTC] farm1 commit executed
[2026-03-13 21:04:16 UTC] farm7 commit executed
[2026-03-13 21:17:47 UTC] farm5 commit executed
[2026-03-13 21:19:51 UTC] farm2 commit executed
[2026-03-13 21:20:48 UTC] farm8 commit executed
[2026-03-13 21:23:40 UTC] farm3 commit executed
[2026-03-13 21:30:49 UTC] farm4 commit executed
[2026-03-13 21:37:41 UTC] farm9 commit executed
[2026-03-13 21:40:30 UTC] farm6 commit executed
[2026-03-13 21:42:00 UTC] farm1 commit executed
[2026-03-13 21:44:40 UTC] farm7 commit executed
[2026-03-13 21:50:16 UTC] farm8 commit executed
[2026-03-13 21:50:27 UTC] farm5 commit executed
[2026-03-13 21:51:28 UTC] farm2 commit executed
[2026-03-13 21:51:44 UTC] farm3 commit executed
[2026-03-13 21:59:03 UTC] farm4 commit executed
[2026-03-13 22:01:20 UTC] farm1 commit executed
[2026-03-13 22:01:39 UTC] farm7 commit executed
[2026-03-13 22:01:46 UTC] farm6 commit executed
[2026-03-13 22:14:51 UTC] farm8 commit executed
[2026-03-13 22:15:53 UTC] farm3 commit executed
[2026-03-13 22:16:15 UTC] farm2 commit executed
[2026-03-13 22:30:12 UTC] farm9 commit executed
[2026-03-13 22:36:20 UTC] farm7 commit executed
[2026-03-13 22:37:13 UTC] farm1 commit executed
[2026-03-13 22:39:17 UTC] farm10 commit executed
[2026-03-13 22:40:18 UTC] farm6 commit executed
[2026-03-13 22:44:40 UTC] farm8 commit executed
[2026-03-13 22:45:46 UTC] farm3 commit executed
[2026-03-13 22:47:07 UTC] farm2 commit executed
[2026-03-13 22:54:04 UTC] farm9 commit executed
[2026-03-13 22:57:16 UTC] farm7 commit executed
[2026-03-13 22:58:30 UTC] farm1 commit executed
[2026-03-13 23:01:04 UTC] farm8 commit executed
[2026-03-13 23:01:15 UTC] farm3 commit executed
[2026-03-13 23:01:21 UTC] farm6 commit executed
[2026-03-13 23:02:23 UTC] farm10 commit executed
[2026-03-13 23:13:46 UTC] farm2 commit executed
[2026-03-13 23:13:56 UTC] farm5 commit executed
[2026-03-13 23:16:40 UTC] farm9 commit executed
[2026-03-13 23:24:37 UTC] farm7 commit executed
[2026-03-13 23:31:25 UTC] farm1 commit executed
[2026-03-13 23:32:49 UTC] farm8 commit executed
[2026-03-13 23:34:11 UTC] farm3 commit executed
[2026-03-13 23:39:37 UTC] farm6 commit executed
[2026-03-13 23:41:00 UTC] farm4 commit executed
[2026-03-13 23:45:01 UTC] farm2 commit executed
[2026-03-13 23:49:06 UTC] farm7 commit executed
[2026-03-13 23:54:29 UTC] farm1 commit executed
[2026-03-14 00:00:16 UTC] farm6 commit executed
[2026-03-14 00:01:28 UTC] farm9 commit executed
[2026-03-14 00:01:35 UTC] farm2 commit executed
[2026-03-14 00:02:51 UTC] farm5 commit executed
[2026-03-14 00:53:30 UTC] farm8 commit executed
[2026-03-14 00:55:00 UTC] farm3 commit executed
[2026-03-14 01:14:12 UTC] farm1 commit executed
[2026-03-14 02:45:12 UTC] farm9 commit executed
[2026-03-14 02:46:12 UTC] farm7 commit executed
[2026-03-14 02:46:34 UTC] farm2 commit executed
[2026-03-14 02:47:54 UTC] farm6 commit executed
[2026-03-14 02:48:16 UTC] farm5 commit executed
[2026-03-14 02:48:59 UTC] farm10 commit executed
[2026-03-14 03:16:16 UTC] farm8 commit executed
[2026-03-14 03:19:53 UTC] farm3 commit executed
[2026-03-14 03:35:56 UTC] farm1 commit executed
[2026-03-14 04:24:10 UTC] farm9 commit executed
[2026-03-14 04:24:16 UTC] farm7 commit executed
[2026-03-14 04:24:51 UTC] farm2 commit executed
[2026-03-14 04:25:25 UTC] farm5 commit executed
[2026-03-14 04:25:34 UTC] farm6 commit executed
[2026-03-14 04:27:54 UTC] farm4 commit executed
[2026-03-14 04:53:32 UTC] farm8 commit executed
[2026-03-14 04:54:58 UTC] farm3 commit executed
[2026-03-14 05:00:36 UTC] farm1 commit executed
[2026-03-14 05:27:39 UTC] farm7 commit executed
[2026-03-14 05:28:51 UTC] farm2 commit executed
[2026-03-14 05:30:15 UTC] farm5 commit executed
[2026-03-14 05:32:17 UTC] farm6 commit executed
[2026-03-14 05:33:02 UTC] farm10 commit executed
[2026-03-14 05:36:40 UTC] farm8 commit executed
[2026-03-14 05:37:15 UTC] farm3 commit executed
[2026-03-14 05:53:47 UTC] farm1 commit executed
[2026-03-14 06:05:02 UTC] farm7 commit executed
[2026-03-14 06:05:24 UTC] farm9 commit executed
[2026-03-14 06:06:50 UTC] farm2 commit executed
[2026-03-14 06:07:56 UTC] farm5 commit executed
[2026-03-14 06:08:25 UTC] farm8 commit executed
[2026-03-14 06:08:33 UTC] farm3 commit executed
[2026-03-14 06:09:22 UTC] farm6 commit executed
[2026-03-14 06:27:40 UTC] farm10 commit executed
[2026-03-14 06:33:19 UTC] farm1 commit executed
[2026-03-14 07:02:11 UTC] farm7 commit executed
[2026-03-14 07:03:21 UTC] farm3 commit executed
[2026-03-14 07:03:31 UTC] farm2 commit executed
[2026-03-14 07:04:44 UTC] farm5 commit executed
[2026-03-14 07:06:07 UTC] farm6 commit executed
[2026-03-14 07:22:45 UTC] farm4 commit executed
[2026-03-14 07:40:14 UTC] farm7 commit executed
[2026-03-14 07:40:29 UTC] farm3 commit executed
[2026-03-14 07:44:20 UTC] farm2 commit executed
[2026-03-14 07:46:54 UTC] farm5 commit executed
[2026-03-14 07:49:31 UTC] farm6 commit executed
[2026-03-14 07:52:07 UTC] farm1 commit executed
[2026-03-14 07:56:02 UTC] farm10 commit executed
[2026-03-14 07:58:39 UTC] farm8 commit executed
[2026-03-14 07:58:58 UTC] farm7 commit executed
[2026-03-14 08:01:15 UTC] farm2 commit executed
[2026-03-14 08:02:51 UTC] farm5 commit executed
[2026-03-14 08:19:11 UTC] farm1 commit executed
[2026-03-14 08:21:09 UTC] farm6 commit executed
[2026-03-14 08:32:09 UTC] farm8 commit executed
[2026-03-14 08:33:32 UTC] farm3 commit executed
[2026-03-14 08:37:34 UTC] farm7 commit executed
[2026-03-14 08:37:43 UTC] farm9 commit executed
[2026-03-14 08:48:26 UTC] farm10 commit executed
[2026-03-14 08:49:48 UTC] farm5 commit executed
[2026-03-14 08:54:54 UTC] farm1 commit executed
[2026-03-14 08:58:48 UTC] farm6 commit executed
[2026-03-14 09:01:23 UTC] farm8 commit executed
[2026-03-14 09:01:31 UTC] farm3 commit executed
[2026-03-14 09:02:51 UTC] farm7 commit executed
[2026-03-14 09:02:57 UTC] farm9 commit executed
[2026-03-14 09:18:42 UTC] farm2 commit executed
[2026-03-14 09:19:46 UTC] farm5 commit executed
[2026-03-14 09:22:30 UTC] farm10 commit executed
[2026-03-14 09:22:43 UTC] farm4 commit executed
[2026-03-14 09:25:16 UTC] farm1 commit executed
[2026-03-14 09:38:31 UTC] farm8 commit executed
[2026-03-14 09:39:43 UTC] farm3 commit executed
[2026-03-14 09:43:46 UTC] farm7 commit executed
[2026-03-14 09:44:59 UTC] farm9 commit executed
[2026-03-14 09:51:36 UTC] farm2 commit executed
[2026-03-14 09:53:01 UTC] farm5 commit executed
[2026-03-14 09:54:21 UTC] farm1 commit executed
[2026-03-14 09:55:40 UTC] farm10 commit executed
[2026-03-14 09:58:23 UTC] farm8 commit executed
[2026-03-14 09:59:33 UTC] farm3 commit executed
[2026-03-14 10:00:52 UTC] farm7 commit executed
[2026-03-14 10:00:59 UTC] farm9 commit executed
[2026-03-14 10:02:16 UTC] farm6 commit executed
[2026-03-14 10:14:53 UTC] farm2 commit executed
[2026-03-14 10:18:59 UTC] farm1 commit executed
[2026-03-14 10:20:19 UTC] farm5 commit executed
[2026-03-14 10:24:29 UTC] farm8 commit executed
[2026-03-14 10:29:47 UTC] farm3 commit executed
[2026-03-14 10:35:20 UTC] farm7 commit executed
[2026-03-14 10:36:36 UTC] farm9 commit executed
[2026-03-14 10:38:13 UTC] farm4 commit executed
[2026-03-14 10:43:48 UTC] farm6 commit executed
[2026-03-14 10:48:54 UTC] farm2 commit executed
[2026-03-14 10:49:24 UTC] farm1 commit executed
[2026-03-14 10:50:23 UTC] farm5 commit executed
[2026-03-14 10:54:25 UTC] farm3 commit executed
[2026-03-14 10:57:12 UTC] farm7 commit executed
[2026-03-14 10:58:11 UTC] farm9 commit executed
[2026-03-14 11:01:04 UTC] farm4 commit executed
[2026-03-14 11:02:21 UTC] farm6 commit executed
[2026-03-14 11:11:01 UTC] farm1 commit executed
[2026-03-14 11:12:03 UTC] farm2 commit executed
[2026-03-14 11:13:21 UTC] farm3 commit executed
[2026-03-14 11:20:44 UTC] farm7 commit executed
[2026-03-14 11:24:12 UTC] farm9 commit executed
[2026-03-14 11:32:05 UTC] farm8 commit executed
[2026-03-14 11:34:50 UTC] farm4 commit executed
[2026-03-14 11:36:08 UTC] farm3 commit executed
[2026-03-14 11:37:23 UTC] farm2 commit executed
[2026-03-14 11:40:08 UTC] farm5 commit executed
[2026-03-14 11:42:39 UTC] farm7 commit executed
[2026-03-14 11:42:48 UTC] farm9 commit executed
[2026-03-14 11:48:35 UTC] farm8 commit executed
[2026-03-14 11:52:03 UTC] farm3 commit executed
[2026-03-14 11:53:23 UTC] farm1 commit executed
[2026-03-14 11:54:43 UTC] farm2 commit executed
[2026-03-14 11:55:23 UTC] farm6 commit executed
[2026-03-14 11:56:01 UTC] farm10 commit executed
[2026-03-14 11:56:26 UTC] farm7 commit executed
[2026-03-14 11:57:13 UTC] farm5 commit executed
[2026-03-14 11:58:57 UTC] farm8 commit executed
[2026-03-14 11:59:56 UTC] farm3 commit executed
[2026-03-14 12:24:53 UTC] farm1 commit executed
[2026-03-14 12:36:45 UTC] farm7 commit executed
[2026-03-14 12:37:49 UTC] farm2 commit executed
[2026-03-14 12:43:35 UTC] farm9 commit executed
[2026-03-14 12:47:08 UTC] farm8 commit executed
[2026-03-14 12:55:41 UTC] farm3 commit executed
[2026-03-14 13:01:25 UTC] farm5 commit executed
[2026-03-14 13:03:03 UTC] farm6 commit executed
[2026-03-14 13:11:27 UTC] farm10 commit executed
[2026-03-14 13:26:09 UTC] farm1 commit executed
[2026-03-14 13:30:52 UTC] farm7 commit executed
[2026-03-14 13:31:36 UTC] farm2 commit executed
[2026-03-14 13:34:00 UTC] farm9 commit executed
[2026-03-14 13:35:09 UTC] farm8 commit executed
[2026-03-14 13:38:21 UTC] farm3 commit executed
[2026-03-14 13:51:40 UTC] farm5 commit executed
[2026-03-14 13:52:48 UTC] farm6 commit executed
[2026-03-14 13:55:27 UTC] farm10 commit executed
[2026-03-14 13:59:32 UTC] farm1 commit executed
[2026-03-14 14:00:58 UTC] farm7 commit executed
[2026-03-14 14:02:14 UTC] farm2 commit executed
[2026-03-14 14:03:35 UTC] farm3 commit executed
[2026-03-14 14:19:09 UTC] farm5 commit executed
[2026-03-14 14:27:27 UTC] farm6 commit executed
[2026-03-14 14:34:12 UTC] farm1 commit executed
[2026-03-14 14:35:32 UTC] farm7 commit executed
[2026-03-14 14:36:45 UTC] farm8 commit executed
[2026-03-14 14:38:11 UTC] farm4 commit executed
[2026-03-14 14:38:29 UTC] farm3 commit executed
[2026-03-14 14:39:38 UTC] farm2 commit executed
[2026-03-14 14:50:40 UTC] farm5 commit executed
[2026-03-14 14:56:21 UTC] farm6 commit executed
[2026-03-14 14:57:41 UTC] farm1 commit executed
[2026-03-14 14:58:46 UTC] farm3 commit executed
[2026-03-14 14:58:56 UTC] farm9 commit executed
[2026-03-14 15:00:19 UTC] farm2 commit executed
[2026-03-14 15:01:34 UTC] farm10 commit executed
[2026-03-14 15:15:28 UTC] farm5 commit executed
[2026-03-14 15:22:16 UTC] farm8 commit executed
[2026-03-14 15:26:17 UTC] farm7 commit executed
[2026-03-14 15:28:54 UTC] farm1 commit executed
[2026-03-14 15:30:15 UTC] farm9 commit executed
[2026-03-14 15:35:39 UTC] farm6 commit executed
[2026-03-14 15:35:48 UTC] farm2 commit executed
[2026-03-14 15:38:43 UTC] farm10 commit executed
[2026-03-14 15:39:35 UTC] farm4 commit executed
[2026-03-14 15:44:55 UTC] farm5 commit executed
[2026-03-14 15:46:15 UTC] farm8 commit executed
[2026-03-14 15:48:52 UTC] farm3 commit executed
[2026-03-14 15:51:34 UTC] farm1 commit executed
[2026-03-14 15:54:16 UTC] farm2 commit executed
[2026-03-14 15:56:57 UTC] farm6 commit executed
[2026-03-14 15:59:37 UTC] farm10 commit executed
[2026-03-14 16:00:55 UTC] farm5 commit executed
[2026-03-14 16:01:04 UTC] farm7 commit executed
[2026-03-14 16:15:18 UTC] farm1 commit executed
[2026-03-14 16:22:27 UTC] farm2 commit executed
[2026-03-14 16:32:11 UTC] farm8 commit executed
[2026-03-14 16:37:43 UTC] farm3 commit executed
[2026-03-14 16:39:40 UTC] farm7 commit executed
[2026-03-14 16:42:07 UTC] farm6 commit executed
[2026-03-14 16:44:56 UTC] farm5 commit executed
[2026-03-14 16:46:20 UTC] farm10 commit executed
[2026-03-14 16:49:07 UTC] farm9 commit executed
[2026-03-14 16:50:19 UTC] farm1 commit executed
[2026-03-14 16:53:02 UTC] farm2 commit executed
[2026-03-14 16:58:22 UTC] farm8 commit executed
[2026-03-14 16:59:56 UTC] farm3 commit executed
[2026-03-14 17:01:06 UTC] farm7 commit executed
[2026-03-14 17:03:52 UTC] farm6 commit executed
[2026-03-14 17:04:01 UTC] farm5 commit executed
[2026-03-14 17:13:47 UTC] farm9 commit executed
[2026-03-14 17:14:02 UTC] farm1 commit executed
[2026-03-14 17:15:08 UTC] farm4 commit executed
[2026-03-14 17:17:58 UTC] farm2 commit executed
[2026-03-14 17:23:33 UTC] farm8 commit executed
[2026-03-14 17:28:31 UTC] farm3 commit executed
[2026-03-14 17:33:56 UTC] farm7 commit executed
[2026-03-14 17:39:16 UTC] farm5 commit executed
[2026-03-14 17:40:47 UTC] farm6 commit executed
[2026-03-14 17:44:06 UTC] farm9 commit executed
[2026-03-14 17:44:41 UTC] farm1 commit executed
[2026-03-14 17:46:19 UTC] farm2 commit executed
[2026-03-14 17:47:32 UTC] farm4 commit executed
[2026-03-14 17:51:35 UTC] farm3 commit executed
[2026-03-14 17:54:16 UTC] farm7 commit executed
[2026-03-14 17:58:08 UTC] farm5 commit executed
[2026-03-14 17:59:24 UTC] farm9 commit executed
[2026-03-14 17:59:31 UTC] farm1 commit executed
[2026-03-14 18:00:44 UTC] farm8 commit executed
[2026-03-14 18:00:57 UTC] farm2 commit executed
[2026-03-14 18:02:09 UTC] farm3 commit executed
[2026-03-14 18:19:48 UTC] farm10 commit executed
[2026-03-14 18:20:29 UTC] farm7 commit executed
[2026-03-14 18:42:31 UTC] farm9 commit executed
[2026-03-14 18:42:43 UTC] farm8 commit executed
[2026-03-14 18:47:39 UTC] farm1 commit executed
[2026-03-14 18:49:59 UTC] farm5 commit executed
[2026-03-14 18:51:16 UTC] farm3 commit executed
[2026-03-14 18:52:51 UTC] farm2 commit executed
[2026-03-14 18:53:52 UTC] farm6 commit executed
[2026-03-14 18:59:04 UTC] farm7 commit executed
[2026-03-14 19:01:58 UTC] farm4 commit executed
[2026-03-14 19:06:52 UTC] farm8 commit executed
[2026-03-14 19:14:59 UTC] farm9 commit executed
[2026-03-14 19:16:28 UTC] farm1 commit executed
[2026-03-14 19:17:03 UTC] farm3 commit executed
[2026-03-14 19:17:29 UTC] farm5 commit executed
[2026-03-14 19:19:54 UTC] farm2 commit executed
[2026-03-14 19:27:51 UTC] farm6 commit executed
[2026-03-14 19:28:08 UTC] farm7 commit executed
[2026-03-14 19:36:22 UTC] farm8 commit executed
[2026-03-14 19:37:27 UTC] farm10 commit executed
[2026-03-14 19:41:52 UTC] farm9 commit executed
[2026-03-14 19:42:40 UTC] farm3 commit executed
[2026-03-14 19:42:55 UTC] farm1 commit executed
[2026-03-14 19:43:59 UTC] farm5 commit executed
[2026-03-14 19:44:14 UTC] farm2 commit executed
[2026-03-14 19:48:00 UTC] farm7 commit executed
[2026-03-14 19:50:35 UTC] farm6 commit executed
[2026-03-14 19:51:58 UTC] farm8 commit executed
[2026-03-14 19:55:54 UTC] farm3 commit executed
[2026-03-14 19:57:14 UTC] farm1 commit executed
[2026-03-14 19:58:40 UTC] farm2 commit executed
[2026-03-14 19:59:16 UTC] farm5 commit executed
[2026-03-14 19:59:55 UTC] farm7 commit executed
[2026-03-14 20:01:16 UTC] farm8 commit executed
[2026-03-14 20:17:22 UTC] farm3 commit executed
[2026-03-14 20:18:12 UTC] farm6 commit executed
[2026-03-14 20:20:25 UTC] farm9 commit executed
[2026-03-14 20:27:30 UTC] farm1 commit executed
[2026-03-14 20:33:18 UTC] farm7 commit executed
[2026-03-14 20:34:03 UTC] farm8 commit executed
[2026-03-14 20:35:12 UTC] farm2 commit executed
[2026-03-14 20:38:58 UTC] farm5 commit executed
[2026-03-14 20:39:41 UTC] farm10 commit executed
[2026-03-14 20:46:20 UTC] farm3 commit executed
[2026-03-14 20:47:35 UTC] farm9 commit executed
[2026-03-14 20:48:37 UTC] farm6 commit executed
[2026-03-14 20:52:46 UTC] farm1 commit executed
[2026-03-14 20:55:26 UTC] farm8 commit executed
[2026-03-14 20:56:57 UTC] farm2 commit executed
[2026-03-14 20:59:27 UTC] farm5 commit executed
[2026-03-14 21:02:14 UTC] farm3 commit executed
[2026-03-14 21:03:29 UTC] farm9 commit executed
[2026-03-14 21:15:01 UTC] farm1 commit executed
[2026-03-14 21:16:23 UTC] farm8 commit executed
[2026-03-14 21:19:00 UTC] farm7 commit executed
[2026-03-14 21:27:13 UTC] farm2 commit executed
[2026-03-14 21:33:44 UTC] farm3 commit executed
[2026-03-14 21:34:58 UTC] farm5 commit executed
[2026-03-14 21:36:18 UTC] farm9 commit executed
[2026-03-14 21:38:01 UTC] farm4 commit executed
[2026-03-14 21:38:55 UTC] farm10 commit executed
[2026-03-14 21:42:56 UTC] farm8 commit executed
[2026-03-14 21:44:15 UTC] farm7 commit executed
[2026-03-14 21:45:05 UTC] farm6 commit executed
[2026-03-14 21:49:38 UTC] farm2 commit executed
[2026-03-14 21:52:17 UTC] farm3 commit executed
[2026-03-14 21:53:39 UTC] farm9 commit executed
[2026-03-14 21:54:55 UTC] farm5 commit executed
[2026-03-14 21:56:33 UTC] farm8 commit executed
[2026-03-14 21:58:44 UTC] farm7 commit executed
[2026-03-14 22:01:24 UTC] farm6 commit executed
[2026-03-14 22:12:48 UTC] farm9 commit executed
[2026-03-14 22:17:12 UTC] farm8 commit executed
[2026-03-14 22:23:44 UTC] farm5 commit executed
[2026-03-14 22:26:48 UTC] farm7 commit executed
[2026-03-14 22:30:31 UTC] farm1 commit executed
[2026-03-14 22:33:13 UTC] farm3 commit executed
[2026-03-14 22:37:27 UTC] farm2 commit executed
[2026-03-14 22:39:04 UTC] farm4 commit executed
[2026-03-14 22:40:22 UTC] farm6 commit executed
[2026-03-14 22:45:44 UTC] farm9 commit executed
[2026-03-14 22:46:59 UTC] farm8 commit executed
[2026-03-14 22:51:06 UTC] farm5 commit executed
[2026-03-14 22:51:17 UTC] farm7 commit executed
[2026-03-14 22:55:09 UTC] farm1 commit executed
[2026-03-14 22:55:16 UTC] farm3 commit executed
[2026-03-14 22:58:17 UTC] farm2 commit executed
[2026-03-14 23:01:58 UTC] farm6 commit executed
[2026-03-14 23:02:15 UTC] farm8 commit executed
[2026-03-14 23:14:52 UTC] farm7 commit executed
[2026-03-14 23:15:56 UTC] farm5 commit executed
[2026-03-14 23:17:01 UTC] farm3 commit executed
[2026-03-14 23:21:07 UTC] farm1 commit executed
[2026-03-14 23:32:44 UTC] farm2 commit executed
[2026-03-14 23:35:11 UTC] farm8 commit executed
[2026-03-14 23:36:27 UTC] farm9 commit executed
[2026-03-14 23:39:02 UTC] farm6 commit executed
[2026-03-14 23:39:11 UTC] farm10 commit executed
[2026-03-14 23:43:18 UTC] farm7 commit executed
[2026-03-14 23:44:33 UTC] farm3 commit executed
[2026-03-14 23:45:49 UTC] farm5 commit executed
[2026-03-14 23:45:55 UTC] farm1 commit executed
[2026-03-14 23:53:51 UTC] farm8 commit executed
[2026-03-14 23:55:11 UTC] farm9 commit executed
[2026-03-14 23:59:04 UTC] farm7 commit executed
[2026-03-15 00:00:20 UTC] farm10 commit executed
[2026-03-15 00:00:26 UTC] farm1 commit executed
[2026-03-15 00:01:44 UTC] farm5 commit executed
[2026-03-15 01:03:46 UTC] farm8 commit executed
[2026-03-15 01:25:42 UTC] farm9 commit executed
[2026-03-15 01:43:17 UTC] farm2 commit executed
[2026-03-15 02:24:02 UTC] farm3 commit executed
[2026-03-15 02:33:17 UTC] farm7 commit executed
[2026-03-15 03:21:02 UTC] farm1 commit executed
[2026-03-15 03:26:27 UTC] farm6 commit executed
[2026-03-15 03:27:17 UTC] farm5 commit executed
[2026-03-15 03:28:53 UTC] farm4 commit executed
[2026-03-15 03:54:13 UTC] farm8 commit executed
[2026-03-15 04:10:31 UTC] farm9 commit executed
[2026-03-15 04:18:29 UTC] farm2 commit executed
[2026-03-15 04:42:15 UTC] farm3 commit executed
[2026-03-15 04:55:13 UTC] farm7 commit executed
[2026-03-15 05:15:40 UTC] farm1 commit executed
[2026-03-15 05:18:01 UTC] farm5 commit executed
[2026-03-15 05:18:33 UTC] farm6 commit executed
[2026-03-15 05:20:42 UTC] farm10 commit executed
[2026-03-15 05:23:22 UTC] farm8 commit executed
[2026-03-15 05:43:17 UTC] farm9 commit executed
[2026-03-15 05:47:22 UTC] farm2 commit executed
[2026-03-15 05:54:17 UTC] farm3 commit executed
[2026-03-15 06:00:08 UTC] farm7 commit executed
[2026-03-15 06:11:40 UTC] farm1 commit executed
[2026-03-15 06:12:30 UTC] farm5 commit executed
[2026-03-15 06:13:36 UTC] farm8 commit executed
[2026-03-15 06:13:44 UTC] farm6 commit executed
[2026-03-15 06:32:06 UTC] farm4 commit executed
[2026-03-15 06:38:20 UTC] farm9 commit executed
[2026-03-15 06:39:58 UTC] farm2 commit executed
[2026-03-15 06:40:21 UTC] farm3 commit executed
[2026-03-15 07:03:57 UTC] farm7 commit executed
[2026-03-15 07:12:57 UTC] farm1 commit executed
[2026-03-15 07:14:08 UTC] farm5 commit executed
[2026-03-15 07:15:20 UTC] farm6 commit executed
[2026-03-15 07:30:29 UTC] farm10 commit executed
[2026-03-15 07:31:14 UTC] farm3 commit executed
[2026-03-15 07:32:44 UTC] farm2 commit executed
[2026-03-15 07:50:50 UTC] farm7 commit executed
[2026-03-15 07:52:08 UTC] farm8 commit executed
[2026-03-15 07:53:05 UTC] farm1 commit executed
[2026-03-15 07:54:21 UTC] farm5 commit executed
[2026-03-15 07:55:42 UTC] farm6 commit executed
[2026-03-15 07:59:46 UTC] farm3 commit executed
[2026-03-15 08:01:03 UTC] farm2 commit executed
[2026-03-15 08:02:15 UTC] farm10 commit executed
[2026-03-15 08:21:16 UTC] farm7 commit executed
[2026-03-15 08:22:43 UTC] farm1 commit executed
[2026-03-15 08:32:21 UTC] farm5 commit executed
[2026-03-15 08:38:00 UTC] farm3 commit executed
[2026-03-15 08:41:51 UTC] farm9 commit executed
[2026-03-15 08:45:01 UTC] farm6 commit executed
[2026-03-15 08:50:18 UTC] farm2 commit executed
[2026-03-15 08:52:41 UTC] farm4 commit executed
[2026-03-15 08:56:52 UTC] farm8 commit executed
[2026-03-15 08:57:15 UTC] farm7 commit executed
[2026-03-15 08:58:07 UTC] farm1 commit executed
[2026-03-15 09:03:54 UTC] farm5 commit executed
[2026-03-15 09:04:52 UTC] farm3 commit executed
[2026-03-15 09:06:08 UTC] farm9 commit executed
[2026-03-15 09:20:00 UTC] farm6 commit executed
[2026-03-15 09:20:37 UTC] farm2 commit executed
[2026-03-15 09:26:31 UTC] farm8 commit executed
[2026-03-15 09:30:28 UTC] farm7 commit executed
[2026-03-15 09:36:15 UTC] farm1 commit executed
[2026-03-15 09:45:28 UTC] farm3 commit executed
[2026-03-15 09:46:58 UTC] farm9 commit executed
[2026-03-15 09:47:41 UTC] farm5 commit executed
[2026-03-15 09:53:23 UTC] farm2 commit executed
[2026-03-15 09:54:44 UTC] farm6 commit executed
[2026-03-15 09:57:45 UTC] farm7 commit executed
[2026-03-15 10:00:05 UTC] farm1 commit executed
[2026-03-15 10:01:16 UTC] farm4 commit executed
[2026-03-15 10:01:31 UTC] farm3 commit executed
[2026-03-15 10:02:43 UTC] farm9 commit executed
[2026-03-15 10:14:20 UTC] farm5 commit executed
[2026-03-15 10:16:54 UTC] farm8 commit executed
[2026-03-15 10:20:57 UTC] farm2 commit executed
[2026-03-15 10:26:40 UTC] farm7 commit executed
[2026-03-15 10:33:51 UTC] farm6 commit executed
[2026-03-15 10:37:20 UTC] farm3 commit executed
[2026-03-15 10:38:09 UTC] farm1 commit executed
[2026-03-15 10:41:07 UTC] farm9 commit executed
[2026-03-15 10:47:17 UTC] farm4 commit executed
[2026-03-15 10:50:48 UTC] farm8 commit executed
[2026-03-15 10:51:08 UTC] farm5 commit executed
[2026-03-15 10:53:18 UTC] farm2 commit executed
[2026-03-15 10:56:03 UTC] farm7 commit executed
[2026-03-15 10:59:51 UTC] farm3 commit executed
[2026-03-15 11:00:30 UTC] farm6 commit executed
[2026-03-15 11:01:42 UTC] farm9 commit executed
[2026-03-15 11:13:07 UTC] farm8 commit executed
[2026-03-15 11:14:35 UTC] farm4 commit executed
[2026-03-15 11:15:35 UTC] farm5 commit executed
[2026-03-15 11:18:40 UTC] farm2 commit executed
[2026-03-15 11:20:17 UTC] farm7 commit executed
[2026-03-15 11:28:17 UTC] farm3 commit executed
[2026-03-15 11:33:40 UTC] farm1 commit executed
[2026-03-15 11:34:15 UTC] farm9 commit executed
[2026-03-15 11:36:12 UTC] farm6 commit executed
[2026-03-15 11:37:54 UTC] farm8 commit executed
[2026-03-15 11:42:52 UTC] farm5 commit executed
[2026-03-15 11:43:13 UTC] farm7 commit executed
[2026-03-15 11:43:47 UTC] farm2 commit executed
[2026-03-15 11:44:10 UTC] farm10 commit executed
[2026-03-15 11:48:07 UTC] farm3 commit executed
[2026-03-15 11:52:02 UTC] farm9 commit executed
[2026-03-15 11:53:25 UTC] farm8 commit executed
[2026-03-15 11:55:18 UTC] farm6 commit executed
[2026-03-15 11:57:21 UTC] farm7 commit executed
[2026-03-15 11:58:39 UTC] farm5 commit executed
[2026-03-15 11:58:49 UTC] farm3 commit executed
[2026-03-15 12:01:17 UTC] farm10 commit executed
[2026-03-15 12:22:32 UTC] farm1 commit executed
[2026-03-15 12:44:36 UTC] farm7 commit executed
[2026-03-15 12:51:06 UTC] farm3 commit executed
[2026-03-15 13:03:27 UTC] farm6 commit executed
[2026-03-15 13:03:34 UTC] farm8 commit executed
[2026-03-15 13:04:58 UTC] farm2 commit executed
[2026-03-15 13:10:48 UTC] farm5 commit executed
[2026-03-15 13:15:02 UTC] farm4 commit executed
[2026-03-15 13:26:24 UTC] farm1 commit executed
[2026-03-15 13:35:34 UTC] farm7 commit executed
[2026-03-15 13:37:11 UTC] farm3 commit executed
[2026-03-15 13:52:27 UTC] farm8 commit executed
[2026-03-15 13:53:48 UTC] farm2 commit executed
[2026-03-15 13:54:09 UTC] farm6 commit executed
[2026-03-15 13:54:58 UTC] farm9 commit executed
[2026-03-15 13:55:37 UTC] farm5 commit executed
[2026-03-15 13:59:09 UTC] farm10 commit executed
[2026-03-15 14:01:48 UTC] farm1 commit executed
[2026-03-15 14:04:40 UTC] farm7 commit executed
[2026-03-15 14:04:54 UTC] farm3 commit executed
[2026-03-15 14:18:37 UTC] farm8 commit executed
[2026-03-15 14:21:51 UTC] farm9 commit executed
[2026-03-15 14:23:09 UTC] farm2 commit executed
[2026-03-15 14:30:00 UTC] farm5 commit executed
[2026-03-15 14:31:42 UTC] farm6 commit executed
[2026-03-15 14:40:04 UTC] farm1 commit executed
[2026-03-15 14:41:45 UTC] farm3 commit executed
[2026-03-15 14:43:13 UTC] farm7 commit executed
[2026-03-15 14:44:53 UTC] farm10 commit executed
[2026-03-15 14:45:30 UTC] farm4 commit executed
[2026-03-15 14:51:08 UTC] farm8 commit executed
[2026-03-15 14:52:42 UTC] farm9 commit executed
[2026-03-15 14:53:02 UTC] farm2 commit executed
[2026-03-15 14:58:07 UTC] farm5 commit executed
[2026-03-15 14:59:25 UTC] farm6 commit executed
[2026-03-15 15:00:59 UTC] farm1 commit executed
[2026-03-15 15:01:57 UTC] farm7 commit executed
[2026-03-15 15:15:00 UTC] farm8 commit executed
[2026-03-15 15:16:09 UTC] farm4 commit executed
[2026-03-15 15:19:12 UTC] farm2 commit executed
[2026-03-15 15:33:52 UTC] farm3 commit executed
[2026-03-15 15:35:11 UTC] farm5 commit executed
[2026-03-15 15:37:45 UTC] farm1 commit executed
[2026-03-15 15:39:04 UTC] farm6 commit executed
[2026-03-15 15:44:31 UTC] farm8 commit executed
[2026-03-15 15:45:54 UTC] farm9 commit executed
[2026-03-15 15:47:12 UTC] farm2 commit executed
[2026-03-15 15:47:39 UTC] farm10 commit executed
[2026-03-15 15:54:01 UTC] farm3 commit executed
[2026-03-15 15:56:01 UTC] farm7 commit executed
[2026-03-15 15:56:16 UTC] farm5 commit executed
[2026-03-15 15:56:45 UTC] farm1 commit executed
[2026-03-15 15:59:30 UTC] farm8 commit executed
[2026-03-15 16:00:13 UTC] farm6 commit executed
[2026-03-15 16:00:45 UTC] farm9 commit executed
[2026-03-15 16:02:10 UTC] farm2 commit executed
[2026-03-15 16:16:33 UTC] farm3 commit executed
[2026-03-15 16:17:56 UTC] farm4 commit executed
[2026-03-15 16:23:35 UTC] farm7 commit executed
[2026-03-15 16:29:14 UTC] farm1 commit executed
[2026-03-15 16:33:10 UTC] farm8 commit executed
[2026-03-15 16:34:42 UTC] farm5 commit executed
[2026-03-15 16:40:05 UTC] farm9 commit executed
[2026-03-15 16:45:38 UTC] farm2 commit executed
[2026-03-15 16:45:50 UTC] farm6 commit executed
[2026-03-15 16:49:42 UTC] farm3 commit executed
[2026-03-15 16:52:38 UTC] farm7 commit executed
[2026-03-15 16:53:32 UTC] farm10 commit executed
[2026-03-15 16:57:38 UTC] farm1 commit executed
[2026-03-15 16:59:03 UTC] farm8 commit executed
[2026-03-15 17:00:30 UTC] farm5 commit executed
[2026-03-15 17:01:41 UTC] farm9 commit executed
[2026-03-15 17:04:54 UTC] farm2 commit executed
[2026-03-15 17:13:32 UTC] farm3 commit executed
[2026-03-15 17:14:43 UTC] farm6 commit executed
[2026-03-15 17:15:59 UTC] farm7 commit executed
[2026-03-15 17:25:59 UTC] farm8 commit executed
[2026-03-15 17:27:29 UTC] farm1 commit executed
[2026-03-15 17:31:47 UTC] farm10 commit executed
[2026-03-15 17:36:54 UTC] farm9 commit executed
[2026-03-15 17:38:13 UTC] farm5 commit executed
[2026-03-15 17:40:56 UTC] farm2 commit executed
[2026-03-15 17:44:59 UTC] farm3 commit executed
[2026-03-15 17:46:19 UTC] farm7 commit executed
[2026-03-15 17:47:42 UTC] farm6 commit executed
[2026-03-15 17:51:02 UTC] farm8 commit executed
[2026-03-15 17:53:45 UTC] farm1 commit executed
[2026-03-15 17:57:15 UTC] farm9 commit executed
[2026-03-15 17:57:38 UTC] farm10 commit executed
[2026-03-15 17:58:38 UTC] farm5 commit executed
[2026-03-15 17:59:49 UTC] farm2 commit executed
[2026-03-15 18:00:36 UTC] farm3 commit executed
[2026-03-15 18:01:09 UTC] farm7 commit executed
[2026-03-15 18:02:33 UTC] farm8 commit executed
[2026-03-15 18:19:57 UTC] farm6 commit executed
[2026-03-15 18:23:22 UTC] farm1 commit executed
[2026-03-15 18:34:49 UTC] farm9 commit executed
[2026-03-15 18:44:43 UTC] farm3 commit executed
[2026-03-15 18:50:52 UTC] farm7 commit executed
[2026-03-15 18:52:58 UTC] farm8 commit executed
[2026-03-15 18:53:06 UTC] farm5 commit executed
[2026-03-15 18:53:30 UTC] farm2 commit executed
[2026-03-15 18:54:46 UTC] farm4 commit executed
[2026-03-15 19:01:52 UTC] farm1 commit executed
[2026-03-15 19:02:53 UTC] farm6 commit executed
[2026-03-15 19:06:08 UTC] farm9 commit executed
[2026-03-15 19:17:07 UTC] farm3 commit executed
[2026-03-15 19:18:13 UTC] farm7 commit executed
[2026-03-15 19:18:35 UTC] farm8 commit executed
[2026-03-15 19:21:32 UTC] farm2 commit executed
[2026-03-15 19:22:46 UTC] farm5 commit executed
[2026-03-15 19:34:43 UTC] farm4 commit executed
[2026-03-15 19:36:19 UTC] farm1 commit executed
[2026-03-15 19:37:44 UTC] farm9 commit executed
[2026-03-15 19:38:32 UTC] farm6 commit executed
[2026-03-15 19:44:06 UTC] farm3 commit executed
[2026-03-15 19:44:24 UTC] farm7 commit executed
[2026-03-15 19:45:57 UTC] farm2 commit executed
[2026-03-15 19:47:05 UTC] farm5 commit executed
[2026-03-15 19:53:40 UTC] farm1 commit executed
[2026-03-15 19:55:54 UTC] farm4 commit executed
[2026-03-15 19:57:44 UTC] farm8 commit executed
[2026-03-15 19:58:14 UTC] farm7 commit executed
[2026-03-15 20:00:26 UTC] farm2 commit executed
[2026-03-15 20:01:04 UTC] farm5 commit executed
[2026-03-15 20:14:49 UTC] farm9 commit executed
[2026-03-15 20:16:15 UTC] farm1 commit executed
