
==========================================
Time   : 2026-07-08 18:51:57 WIB
Farm   : 4
Commit : #1
Status : SUCCESS
==========================================


==========================================
Time   : 2026-07-08 20:18:08 WIB
Farm   : 4
Commit : #2
Status : SUCCESS
==========================================


==========================================
Time   : 2026-07-08 22:37:17 WIB
Farm   : 4
Commit : #3
Status : SUCCESS
==========================================


==========================================
Time   : 2026-07-09 00:04:07 WIB
Farm   : 4
Commit : #4
Status : SUCCESS
==========================================

