
==========================================
Time   : 2026-07-08 20:41:09 WIB
Farm   : 3
Commit : #1
Status : SUCCESS
==========================================


==========================================
Time   : 2026-07-08 22:54:15 WIB
Farm   : 3
Commit : #2
Status : SUCCESS
==========================================


==========================================
Time   : 2026-07-09 00:20:26 WIB
Farm   : 3
Commit : #3
Status : SUCCESS
==========================================


==========================================
Time   : 2026-07-09 01:52:12 WIB
Farm   : 3
Commit : #4
Status : SUCCESS
==========================================


==========================================
Time   : 2026-07-09 05:37:41 WIB
Farm   : 3
Commit : #5
Status : SUCCESS
==========================================


==========================================
Time   : 2026-07-09 06:43:16 WIB
Farm   : 3
Commit : #6
Status : SUCCESS
==========================================


==========================================
Time   : 2026-07-09 15:43:16 WIB
Farm   : 3
Commit : #7
Status : SUCCESS
==========================================


==========================================
Time   : 2026-07-09 23:41:47 WIB
Farm   : 3
Commit : #8
Status : SUCCESS
==========================================

