
==========================================
Time   : 2026-07-08 17:50:01 WIB
Farm   : 1
Commit : #1
Status : SUCCESS
==========================================


==========================================
Time   : 2026-07-08 19:10:07 WIB
Farm   : 1
Commit : #2
Status : SUCCESS
==========================================


==========================================
Time   : 2026-07-08 21:38:13 WIB
Farm   : 1
Commit : #3
Status : SUCCESS
==========================================


==========================================
Time   : 2026-07-08 23:17:22 WIB
Farm   : 1
Commit : #4
Status : SUCCESS
==========================================


==========================================
Time   : 2026-07-09 00:54:10 WIB
Farm   : 1
Commit : #5
Status : SUCCESS
==========================================


==========================================
Time   : 2026-07-09 02:01:37 WIB
Farm   : 1
Commit : #6
Status : SUCCESS
==========================================


==========================================
Time   : 2026-07-09 03:24:05 WIB
Farm   : 1
Commit : #7
Status : SUCCESS
==========================================


==========================================
Time   : 2026-07-09 04:36:52 WIB
Farm   : 1
Commit : #8
Status : SUCCESS
==========================================


==========================================
Time   : 2026-07-09 06:41:43 WIB
Farm   : 1
Commit : #9
Status : SUCCESS
==========================================


==========================================
Time   : 2026-07-09 08:14:49 WIB
Farm   : 1
Commit : #10
Status : SUCCESS
==========================================


==========================================
Time   : 2026-07-09 15:39:15 WIB
Farm   : 1
Commit : #11
Status : SUCCESS
==========================================


==========================================
Time   : 2026-07-09 18:32:06 WIB
Farm   : 1
Commit : #12
Status : SUCCESS
==========================================


==========================================
Time   : 2026-07-09 23:37:01 WIB
Farm   : 1
Commit : #13
Status : SUCCESS
==========================================

