
==========================================
Time   : 2026-07-08 18:53:00 WIB
Farm   : 5
Commit : #1
Status : SUCCESS
==========================================


==========================================
Time   : 2026-07-08 22:39:06 WIB
Farm   : 5
Commit : #2
Status : SUCCESS
==========================================


==========================================
Time   : 2026-07-09 00:05:38 WIB
Farm   : 5
Commit : #3
Status : SUCCESS
==========================================


==========================================
Time   : 2026-07-09 01:39:50 WIB
Farm   : 5
Commit : #4
Status : SUCCESS
==========================================


==========================================
Time   : 2026-07-09 03:08:33 WIB
Farm   : 5
Commit : #5
Status : SUCCESS
==========================================

