
==========================================
Time   : 2026-07-08 20:31:05 WIB
Farm   : 8
Commit : #1
Status : SUCCESS
==========================================


==========================================
Time   : 2026-07-08 22:51:51 WIB
Farm   : 8
Commit : #2
Status : SUCCESS
==========================================


==========================================
Time   : 2026-07-09 00:14:38 WIB
Farm   : 8
Commit : #3
Status : SUCCESS
==========================================


==========================================
Time   : 2026-07-09 01:49:19 WIB
Farm   : 8
Commit : #4
Status : SUCCESS
==========================================


==========================================
Time   : 2026-07-09 03:14:31 WIB
Farm   : 8
Commit : #5
Status : SUCCESS
==========================================

