
==========================================
Time   : 2026-07-08 17:08:18 WIB
Farm   : 9
Commit : #1
Status : SUCCESS
==========================================


==========================================
Time   : 2026-07-08 20:19:51 WIB
Farm   : 9
Commit : #2
Status : SUCCESS
==========================================


==========================================
Time   : 2026-07-09 01:25:34 WIB
Farm   : 9
Commit : #3
Status : SUCCESS
==========================================


==========================================
Time   : 2026-07-09 04:10:48 WIB
Farm   : 9
Commit : #4
Status : SUCCESS
==========================================


==========================================
Time   : 2026-07-09 06:31:15 WIB
Farm   : 9
Commit : #5
Status : SUCCESS
==========================================


==========================================
Time   : 2026-07-09 15:35:55 WIB
Farm   : 9
Commit : #6
Status : SUCCESS
==========================================


==========================================
Time   : 2026-07-09 21:07:13 WIB
Farm   : 9
Commit : #7
Status : SUCCESS
==========================================


==========================================
Time   : 2026-07-09 23:36:16 WIB
Farm   : 9
Commit : #8
Status : SUCCESS
==========================================


==========================================
Time   : 2026-07-10 01:22:19 WIB
Farm   : 9
Commit : #9
Status : SUCCESS
==========================================


==========================================
Time   : 2026-07-10 03:13:09 WIB
Farm   : 9
Commit : #10
Status : SUCCESS
==========================================


==========================================
Time   : 2026-07-10 05:55:35 WIB
Farm   : 9
Commit : #11
Status : SUCCESS
==========================================


==========================================
Time   : 2026-07-10 06:58:05 WIB
Farm   : 9
Commit : #12
Status : SUCCESS
==========================================


==========================================
Time   : 2026-07-10 09:26:01 WIB
Farm   : 9
Commit : #13
Status : SUCCESS
==========================================


==========================================
Time   : 2026-07-10 13:24:48 WIB
Farm   : 9
Commit : #14
Status : SUCCESS
==========================================


==========================================
Time   : 2026-07-10 16:58:51 WIB
Farm   : 9
Commit : #15
Status : SUCCESS
==========================================


==========================================
Time   : 2026-07-10 19:22:52 WIB
Farm   : 9
Commit : #16
Status : SUCCESS
==========================================


==========================================
Time   : 2026-07-10 22:08:21 WIB
Farm   : 9
Commit : #17
Status : SUCCESS
==========================================


==========================================
Time   : 2026-07-11 00:05:59 WIB
Farm   : 9
Commit : #18
Status : SUCCESS
==========================================


==========================================
Time   : 2026-07-11 01:40:30 WIB
Farm   : 9
Commit : #19
Status : SUCCESS
==========================================


==========================================
Time   : 2026-07-11 03:04:41 WIB
Farm   : 9
Commit : #20
Status : SUCCESS
==========================================


==========================================
Time   : 2026-07-11 04:16:30 WIB
Farm   : 9
Commit : #21
Status : SUCCESS
==========================================


==========================================
Time   : 2026-07-11 05:18:03 WIB
Farm   : 9
Commit : #22
Status : SUCCESS
==========================================


==========================================
Time   : 2026-07-11 14:58:33 WIB
Farm   : 9
Commit : #23
Status : SUCCESS
==========================================


==========================================
Time   : 2026-07-11 16:27:02 WIB
Farm   : 9
Commit : #24
Status : SUCCESS
==========================================


==========================================
Time   : 2026-07-11 17:40:37 WIB
Farm   : 9
Commit : #25
Status : SUCCESS
==========================================


==========================================
Time   : 2026-07-11 18:35:14 WIB
Farm   : 9
Commit : #26
Status : SUCCESS
==========================================


==========================================
Time   : 2026-07-11 19:33:59 WIB
Farm   : 9
Commit : #27
Status : SUCCESS
==========================================


==========================================
Time   : 2026-07-11 21:04:59 WIB
Farm   : 9
Commit : #28
Status : SUCCESS
==========================================


==========================================
Time   : 2026-07-11 22:05:42 WIB
Farm   : 9
Commit : #29
Status : SUCCESS
==========================================


==========================================
Time   : 2026-07-11 23:05:20 WIB
Farm   : 9
Commit : #30
Status : SUCCESS
==========================================


==========================================
Time   : 2026-07-12 00:09:37 WIB
Farm   : 9
Commit : #31
Status : SUCCESS
==========================================


==========================================
Time   : 2026-07-12 01:03:35 WIB
Farm   : 9
Commit : #32
Status : SUCCESS
==========================================


==========================================
Time   : 2026-07-12 02:18:32 WIB
Farm   : 9
Commit : #33
Status : SUCCESS
==========================================


==========================================
Time   : 2026-07-12 03:12:19 WIB
Farm   : 9
Commit : #34
Status : SUCCESS
==========================================

