
==========================================
Time   : 2026-07-08 17:07:23 WIB
Farm   : 6
Commit : #1
Status : SUCCESS
==========================================


==========================================
Time   : 2026-07-08 18:13:16 WIB
Farm   : 6
Commit : #2
Status : SUCCESS
==========================================


==========================================
Time   : 2026-07-08 19:54:19 WIB
Farm   : 6
Commit : #3
Status : SUCCESS
==========================================


==========================================
Time   : 2026-07-08 22:20:30 WIB
Farm   : 6
Commit : #4
Status : SUCCESS
==========================================


==========================================
Time   : 2026-07-08 23:55:28 WIB
Farm   : 6
Commit : #5
Status : SUCCESS
==========================================


==========================================
Time   : 2026-07-09 01:18:50 WIB
Farm   : 6
Commit : #6
Status : SUCCESS
==========================================


==========================================
Time   : 2026-07-09 02:59:54 WIB
Farm   : 6
Commit : #7
Status : SUCCESS
==========================================


==========================================
Time   : 2026-07-09 04:20:07 WIB
Farm   : 6
Commit : #8
Status : SUCCESS
==========================================


==========================================
Time   : 2026-07-09 05:29:23 WIB
Farm   : 6
Commit : #9
Status : SUCCESS
==========================================


==========================================
Time   : 2026-07-09 06:41:13 WIB
Farm   : 6
Commit : #10
Status : SUCCESS
==========================================


==========================================
Time   : 2026-07-09 08:18:11 WIB
Farm   : 6
Commit : #11
Status : SUCCESS
==========================================


==========================================
Time   : 2026-07-09 12:13:07 WIB
Farm   : 6
Commit : #12
Status : SUCCESS
==========================================


==========================================
Time   : 2026-07-09 18:45:02 WIB
Farm   : 6
Commit : #13
Status : SUCCESS
==========================================

