
==========================================
Time   : 2026-07-08 17:06:03 WIB
Farm   : 10
Commit : #1
Status : SUCCESS
==========================================


==========================================
Time   : 2026-07-08 20:49:43 WIB
Farm   : 10
Commit : #2
Status : SUCCESS
==========================================


==========================================
Time   : 2026-07-08 22:56:03 WIB
Farm   : 10
Commit : #3
Status : SUCCESS
==========================================


==========================================
Time   : 2026-07-09 00:29:10 WIB
Farm   : 10
Commit : #4
Status : SUCCESS
==========================================


==========================================
Time   : 2026-07-09 03:18:11 WIB
Farm   : 10
Commit : #5
Status : SUCCESS
==========================================


==========================================
Time   : 2026-07-09 04:35:07 WIB
Farm   : 10
Commit : #6
Status : SUCCESS
==========================================


==========================================
Time   : 2026-07-09 06:43:58 WIB
Farm   : 10
Commit : #7
Status : SUCCESS
==========================================


==========================================
Time   : 2026-07-09 08:20:18 WIB
Farm   : 10
Commit : #8
Status : SUCCESS
==========================================


==========================================
Time   : 2026-07-09 12:14:10 WIB
Farm   : 10
Commit : #9
Status : SUCCESS
==========================================


==========================================
Time   : 2026-07-09 15:47:25 WIB
Farm   : 10
Commit : #10
Status : SUCCESS
==========================================


==========================================
Time   : 2026-07-09 21:15:46 WIB
Farm   : 10
Commit : #11
Status : SUCCESS
==========================================


==========================================
Time   : 2026-07-09 23:45:48 WIB
Farm   : 10
Commit : #12
Status : SUCCESS
==========================================


==========================================
Time   : 2026-07-10 03:26:23 WIB
Farm   : 10
Commit : #13
Status : SUCCESS
==========================================


==========================================
Time   : 2026-07-10 04:56:47 WIB
Farm   : 10
Commit : #14
Status : SUCCESS
==========================================


==========================================
Time   : 2026-07-10 06:12:56 WIB
Farm   : 10
Commit : #15
Status : SUCCESS
==========================================


==========================================
Time   : 2026-07-10 07:19:27 WIB
Farm   : 10
Commit : #16
Status : SUCCESS
==========================================


==========================================
Time   : 2026-07-10 11:30:13 WIB
Farm   : 10
Commit : #17
Status : SUCCESS
==========================================


==========================================
Time   : 2026-07-10 20:20:31 WIB
Farm   : 10
Commit : #18
Status : SUCCESS
==========================================

