
==========================================
Time   : 2026-07-08 18:56:33 WIB
Farm   : 2
Commit : #1
Status : SUCCESS
==========================================


==========================================
Time   : 2026-07-08 21:06:15 WIB
Farm   : 2
Commit : #2
Status : SUCCESS
==========================================


==========================================
Time   : 2026-07-08 23:09:49 WIB
Farm   : 2
Commit : #3
Status : SUCCESS
==========================================


==========================================
Time   : 2026-07-09 00:52:29 WIB
Farm   : 2
Commit : #4
Status : SUCCESS
==========================================


==========================================
Time   : 2026-07-09 02:09:54 WIB
Farm   : 2
Commit : #5
Status : SUCCESS
==========================================

