
==========================================
Time   : 2026-07-08 18:54:01 WIB
Farm   : 7
Commit : #1
Status : SUCCESS
==========================================


==========================================
Time   : 2026-07-08 20:49:25 WIB
Farm   : 7
Commit : #2
Status : SUCCESS
==========================================


==========================================
Time   : 2026-07-08 22:55:03 WIB
Farm   : 7
Commit : #3
Status : SUCCESS
==========================================


==========================================
Time   : 2026-07-09 00:26:29 WIB
Farm   : 7
Commit : #4
Status : SUCCESS
==========================================


==========================================
Time   : 2026-07-09 01:54:42 WIB
Farm   : 7
Commit : #5
Status : SUCCESS
==========================================


==========================================
Time   : 2026-07-09 05:38:36 WIB
Farm   : 7
Commit : #6
Status : SUCCESS
==========================================


==========================================
Time   : 2026-07-09 08:18:40 WIB
Farm   : 7
Commit : #7
Status : SUCCESS
==========================================


==========================================
Time   : 2026-07-09 15:46:11 WIB
Farm   : 7
Commit : #8
Status : SUCCESS
==========================================


==========================================
Time   : 2026-07-09 18:38:05 WIB
Farm   : 7
Commit : #9
Status : SUCCESS
==========================================


==========================================
Time   : 2026-07-09 23:44:11 WIB
Farm   : 7
Commit : #10
Status : SUCCESS
==========================================


==========================================
Time   : 2026-07-10 01:30:33 WIB
Farm   : 7
Commit : #11
Status : SUCCESS
==========================================


==========================================
Time   : 2026-07-10 03:23:35 WIB
Farm   : 7
Commit : #12
Status : SUCCESS
==========================================


==========================================
Time   : 2026-07-10 04:55:16 WIB
Farm   : 7
Commit : #13
Status : SUCCESS
==========================================


==========================================
Time   : 2026-07-10 06:06:06 WIB
Farm   : 7
Commit : #14
Status : SUCCESS
==========================================


==========================================
Time   : 2026-07-10 07:16:44 WIB
Farm   : 7
Commit : #15
Status : SUCCESS
==========================================


==========================================
Time   : 2026-07-10 11:28:28 WIB
Farm   : 7
Commit : #16
Status : SUCCESS
==========================================


==========================================
Time   : 2026-07-10 15:00:58 WIB
Farm   : 7
Commit : #17
Status : SUCCESS
==========================================


==========================================
Time   : 2026-07-10 18:15:03 WIB
Farm   : 7
Commit : #18
Status : SUCCESS
==========================================

